{"numTotalTestSuites":100,"numPassedTestSuites":100,"numFailedTestSuites":0,"numPendingTestSuites":0,"numTotalTests":235,"numPassedTests":192,"numFailedTests":43,"numPendingTests":0,"numTodoTests":0,"startTime":1771574533787,"success":false,"testResults":[{"assertionResults":[{"ancestorTitles":["","Enhanced VoiceQuery Component"],"fullName":" Enhanced VoiceQuery Component should render with search mode indicator","status":"passed","title":"should render with search mode indicator","duration":65,"failureMessages":[]},{"ancestorTitles":["","Enhanced VoiceQuery Component"],"fullName":" Enhanced VoiceQuery Component should render with filter mode indicator","status":"passed","title":"should render with filter mode indicator","duration":14,"failureMessages":[]},{"ancestorTitles":["","Enhanced VoiceQuery Component"],"fullName":" Enhanced VoiceQuery Component should render with general mode indicator","status":"passed","title":"should render with general mode indicator","duration":8,"failureMessages":[]},{"ancestorTitles":["","Enhanced VoiceQuery Component"],"fullName":" Enhanced VoiceQuery Component should show language selector","status":"passed","title":"should show language selector","duration":5,"failureMessages":[]},{"ancestorTitles":["","Enhanced VoiceQuery Component"],"fullName":" Enhanced VoiceQuery Component should show history toggle button","status":"passed","title":"should show history toggle button","duration":9,"failureMessages":[]},{"ancestorTitles":["","Enhanced VoiceQuery Component"],"fullName":" Enhanced VoiceQuery Component should start recording when mic button is clicked","status":"passed","title":"should start recording when mic button is clicked","duration":35,"failureMessages":[]},{"ancestorTitles":["","Enhanced VoiceQuery Component"],"fullName":" Enhanced VoiceQuery Component should show recording status when recording","status":"passed","title":"should show recording status when recording","duration":12,"failureMessages":[]},{"ancestorTitles":["","Enhanced VoiceQuery Component"],"fullName":" Enhanced VoiceQuery Component should handle microphone access denied","status":"passed","title":"should handle microphone access denied","duration":27,"failureMessages":[]},{"ancestorTitles":["","Enhanced VoiceQuery Component"],"fullName":" Enhanced VoiceQuery Component should show confidence indicator when available","status":"passed","title":"should show confidence indicator when available","duration":11,"failureMessages":[]},{"ancestorTitles":["","Enhanced VoiceQuery Component"],"fullName":" Enhanced VoiceQuery Component should toggle history panel","status":"passed","title":"should toggle history panel","duration":15,"failureMessages":[]},{"ancestorTitles":["","Enhanced VoiceQuery Component"],"fullName":" Enhanced VoiceQuery Component should change language selection","status":"passed","title":"should change language selection","duration":6,"failureMessages":[]},{"ancestorTitles":["","Enhanced VoiceQuery Component"],"fullName":" Enhanced VoiceQuery Component should call onResults callback when search results are available","status":"passed","title":"should call onResults callback when search results are available","duration":4,"failureMessages":[]},{"ancestorTitles":["","Enhanced VoiceQuery Component"],"fullName":" Enhanced VoiceQuery Component should call onFiltersApplied callback when filters are applied","status":"passed","title":"should call onFiltersApplied callback when filters are applied","duration":3,"failureMessages":[]},{"ancestorTitles":["","Enhanced VoiceQuery Component"],"fullName":" Enhanced VoiceQuery Component should disable controls during processing","status":"passed","title":"should disable controls during processing","duration":16,"failureMessages":[]}],"startTime":1771574536098,"endTime":1771574536328,"status":"passed","message":"","name":"/Users/jeevithg/Downloads/Smart-Vendors-Suppliers-main/src/test/VoiceQuery.test.tsx"},{"assertionResults":[{"ancestorTitles":["","useErrorHandler"],"fullName":" useErrorHandler should handle generic errors","status":"failed","title":"should handle generic errors","duration":12,"failureMessages":["expected \"spy\" to be called with arguments: [ ObjectContaining{…} ]\n\nReceived: \n\n  1st spy call:\n\n  Array [\n-   ObjectContaining {\n+   Object {\n      \"code\": \"UNKNOWN\",\n+     \"context\": undefined,\n      \"message\": \"Test error\",\n+     \"timestamp\": 1771574537692,\n      \"type\": \"SYSTEM_ERROR\",\n    },\n+   undefined,\n  ]\n\n\nNumber of calls: 1\n"],"location":{"line":29,"column":40}},{"ancestorTitles":["","useErrorHandler"],"fullName":" useErrorHandler should handle network errors","status":"failed","title":"should handle network errors","duration":2,"failureMessages":["expected \"spy\" to be called with arguments: [ ObjectContaining{…} ]\n\nReceived: \n\n  1st spy call:\n\n  Array [\n-   ObjectContaining {\n+   Object {\n      \"code\": \"CONNECTION_FAILED\",\n+     \"message\": \"Network failed\",\n      \"retryable\": true,\n+     \"timestamp\": 1771574537698,\n      \"type\": \"NETWORK_ERROR\",\n    },\n+   undefined,\n  ]\n\n\nNumber of calls: 1\n"],"location":{"line":47,"column":40}},{"ancestorTitles":["","useErrorHandler"],"fullName":" useErrorHandler should handle validation errors","status":"failed","title":"should handle validation errors","duration":1,"failureMessages":["expected \"spy\" to be called with arguments: [ ObjectContaining{…} ]\n\nReceived: \n\n  1st spy call:\n\n  Array [\n-   ObjectContaining {\n+   Object {\n      \"constraints\": Array [\n        \"pattern\",\n      ],\n      \"field\": \"email\",\n      \"message\": \"Invalid email format\",\n+     \"timestamp\": 1771574537700,\n      \"type\": \"VALIDATION_ERROR\",\n      \"value\": \"invalid-email\",\n    },\n+   undefined,\n  ]\n\n\nNumber of calls: 1\n"],"location":{"line":63,"column":40}},{"ancestorTitles":["","useErrorHandler"],"fullName":" useErrorHandler should handle business errors","status":"failed","title":"should handle business errors","duration":1,"failureMessages":["expected \"spy\" to be called with arguments: [ ObjectContaining{…} ]\n\nReceived: \n\n  1st spy call:\n\n  Array [\n-   ObjectContaining {\n+   Object {\n      \"actionable\": true,\n      \"code\": \"INSUFFICIENT_STOCK\",\n      \"message\": \"Not enough stock\",\n      \"suggestions\": Array [\n        \"Try different supplier\",\n      ],\n+     \"timestamp\": 1771574537701,\n      \"type\": \"BUSINESS_ERROR\",\n    },\n+   undefined,\n  ]\n\n\nNumber of calls: 1\n"],"location":{"line":81,"column":40}},{"ancestorTitles":["","useErrorHandler"],"fullName":" useErrorHandler should respect options for logging and reporting","status":"passed","title":"should respect options for logging and reporting","duration":1,"failureMessages":[]},{"ancestorTitles":["","useErrorHandler"],"fullName":" useErrorHandler should continue execution if error reporting fails","status":"passed","title":"should continue execution if error reporting fails","duration":1,"failureMessages":[]}],"startTime":1771574537685,"endTime":1771574537703,"status":"failed","message":"","name":"/Users/jeevithg/Downloads/Smart-Vendors-Suppliers-main/src/test/hooks/useErrorHandler.test.ts"},{"assertionResults":[{"ancestorTitles":["","useFormValidation"],"fullName":" useFormValidation should initialize with provided data","status":"passed","title":"should initialize with provided data","duration":10,"failureMessages":[]},{"ancestorTitles":["","useFormValidation"],"fullName":" useFormValidation should update field values","status":"passed","title":"should update field values","duration":2,"failureMessages":[]},{"ancestorTitles":["","useFormValidation"],"fullName":" useFormValidation should validate fields on blur when validateOnBlur is true","status":"passed","title":"should validate fields on blur when validateOnBlur is true","duration":35,"failureMessages":[]},{"ancestorTitles":["","useFormValidation"],"fullName":" useFormValidation should validate fields on change when validateOnChange is true","status":"passed","title":"should validate fields on change when validateOnChange is true","duration":3,"failureMessages":[]},{"ancestorTitles":["","useFormValidation"],"fullName":" useFormValidation should validate all fields","status":"passed","title":"should validate all fields","duration":1,"failureMessages":[]},{"ancestorTitles":["","useFormValidation"],"fullName":" useFormValidation should handle form submission with validation","status":"passed","title":"should handle form submission with validation","duration":8,"failureMessages":[]},{"ancestorTitles":["","useFormValidation"],"fullName":" useFormValidation should reset form data","status":"passed","title":"should reset form data","duration":2,"failureMessages":[]},{"ancestorTitles":["","useFormValidation"],"fullName":" useFormValidation should provide field props for easy integration","status":"passed","title":"should provide field props for easy integration","duration":1,"failureMessages":[]},{"ancestorTitles":["","useFormValidation"],"fullName":" useFormValidation should show errors immediately when showErrorsImmediately is true","status":"passed","title":"should show errors immediately when showErrorsImmediately is true","duration":0,"failureMessages":[]}],"startTime":1771574537228,"endTime":1771574537290,"status":"passed","message":"","name":"/Users/jeevithg/Downloads/Smart-Vendors-Suppliers-main/src/test/hooks/useFormValidation.test.ts"},{"assertionResults":[{"ancestorTitles":["","ErrorBoundary"],"fullName":" ErrorBoundary should render children when there is no error","status":"passed","title":"should render children when there is no error","duration":18,"failureMessages":[]},{"ancestorTitles":["","ErrorBoundary"],"fullName":" ErrorBoundary should render error UI when there is an error","status":"passed","title":"should render error UI when there is an error","duration":25,"failureMessages":[]},{"ancestorTitles":["","ErrorBoundary"],"fullName":" ErrorBoundary should report error to error reporting service","status":"passed","title":"should report error to error reporting service","duration":6,"failureMessages":[]},{"ancestorTitles":["","ErrorBoundary"],"fullName":" ErrorBoundary should show retry button and handle retry","status":"failed","title":"should show retry button and handle retry","duration":84,"failureMessages":["Unable to find an element with the text: No error. This could be because the text is broken up by multiple elements. In this case, you can provide a function for your text matcher to make your matcher more flexible.\n\nIgnored nodes: comments, script, style\n\u001b[36m<body>\u001b[39m\n  \u001b[36m<div>\u001b[39m\n    \u001b[36m<div\u001b[39m\n      \u001b[33mclass\u001b[39m=\u001b[32m\"min-h-screen flex items-center justify-center bg-gray-50 py-12 px-4 sm:px-6 lg:px-8\"\u001b[39m\n    \u001b[36m>\u001b[39m\n      \u001b[36m<div\u001b[39m\n        \u001b[33mclass\u001b[39m=\u001b[32m\"max-w-md w-full space-y-8\"\u001b[39m\n      \u001b[36m>\u001b[39m\n        \u001b[36m<div\u001b[39m\n          \u001b[33mclass\u001b[39m=\u001b[32m\"text-center\"\u001b[39m\n        \u001b[36m>\u001b[39m\n          \u001b[36m<div\u001b[39m\n            \u001b[33mclass\u001b[39m=\u001b[32m\"mx-auto h-12 w-12 text-red-500\"\u001b[39m\n          \u001b[36m>\u001b[39m\n            \u001b[36m<svg\u001b[39m\n              \u001b[33mfill\u001b[39m=\u001b[32m\"none\"\u001b[39m\n              \u001b[33mstroke\u001b[39m=\u001b[32m\"currentColor\"\u001b[39m\n              \u001b[33mviewBox\u001b[39m=\u001b[32m\"0 0 24 24\"\u001b[39m\n            \u001b[36m>\u001b[39m\n              \u001b[36m<path\u001b[39m\n                \u001b[33md\u001b[39m=\u001b[32m\"M12 9v2m0 4h.01m-6.938 4h13.856c1.54 0 2.502-1.667 1.732-2.5L13.732 4c-.77-.833-1.964-.833-2.732 0L3.732 16.5c-.77.833.192 2.5 1.732 2.5z\"\u001b[39m\n                \u001b[33mstroke-linecap\u001b[39m=\u001b[32m\"round\"\u001b[39m\n                \u001b[33mstroke-linejoin\u001b[39m=\u001b[32m\"round\"\u001b[39m\n                \u001b[33mstroke-width\u001b[39m=\u001b[32m\"2\"\u001b[39m\n              \u001b[36m/>\u001b[39m\n            \u001b[36m</svg>\u001b[39m\n          \u001b[36m</div>\u001b[39m\n          \u001b[36m<h2\u001b[39m\n            \u001b[33mclass\u001b[39m=\u001b[32m\"mt-6 text-3xl font-extrabold text-gray-900\"\u001b[39m\n          \u001b[36m>\u001b[39m\n            \u001b[0mSomething went wrong\u001b[0m\n          \u001b[36m</h2>\u001b[39m\n          \u001b[36m<p\u001b[39m\n            \u001b[33mclass\u001b[39m=\u001b[32m\"mt-2 text-sm text-gray-600\"\u001b[39m\n          \u001b[36m>\u001b[39m\n            \u001b[0mWe're sorry, but something unexpected happened. Our team has been notified.\u001b[0m\n          \u001b[36m</p>\u001b[39m\n        \u001b[36m</div>\u001b[39m\n        \u001b[36m<div\u001b[39m\n          \u001b[33mclass\u001b[39m=\u001b[32m\"mt-4 p-4 bg-red-50 border border-red-200 rounded-md\"\u001b[39m\n        \u001b[36m>\u001b[39m\n          \u001b[36m<h3\u001b[39m\n            \u001b[33mclass\u001b[39m=\u001b[32m\"text-sm font-medium text-red-800\"\u001b[39m\n          \u001b[36m>\u001b[39m\n            \u001b[0mError Details (Development)\u001b[0m\n          \u001b[36m</h3>\u001b[39m\n          \u001b[36m<div\u001b[39m\n            \u001b[33mclass\u001b[39m=\u001b[32m\"mt-2 text-sm text-red-700\"\u001b[39m\n          \u001b[36m>\u001b[39m\n            \u001b[36m<p\u001b[39m\n              \u001b[33mclass\u001b[39m=\u001b[32m\"font-mono\"\u001b[39m\n            \u001b[36m>\u001b[39m\n              \u001b[0mTest error\u001b[0m\n            \u001b[36m</p>\u001b[39m\n            \u001b[36m<pre\u001b[39m\n              \u001b[33mclass\u001b[39m=\u001b[32m\"mt-2 text-xs overflow-auto max-h-32\"\u001b[39m\n            \u001b[36m>\u001b[39m\n              \u001b[0mError: Test error\n    at ThrowError (/Users/jeevithg/Downloads/Smart-Vendors-Suppliers-main/src/test/components/ErrorBoundary.test.tsx:17:11)\n    at Object.react-stack-bottom-frame (/Users/jeevithg/Downloads/Smart-Vendors-Suppliers-main/node_modules/react-dom/cjs/react-dom-client.development.js:23863:20)\n    at renderWithHooks (/Users/jeevithg/Downloads/Smart-Vendors-Suppliers-main/node_modules/react-dom/cjs/react-dom-client.development.js:5529:22)\n    at updateFunctionComponent (/Users/jeevithg/Downloads/Smart-Vendors-Suppliers-main/node_modules/react-dom/cjs/react-dom-client.development.js:8897:19)\n    at beginWork (/Users/jeevithg/Downloads/Smart-Vendors-Suppliers-main/node_modules/react-dom/cjs/react-dom-client.development.js:10522:18)\n    at runWithFiberInDEV (/Users/jeevithg/Downloads/Smart-Vendors-Suppliers-main/node_modules/react-dom/cjs/react-dom-client.development.js:1522:13)\n    at performUnitOfWork (/Users/jeevithg/Downloads/Smart-Vendors-Suppliers-main/node_modules/react-dom/cjs/react-dom-client.development.js:15140:22)\n    at workLoopSync (/Users/jeevithg/Downloads/Smart-Vendors-Suppliers-main/node_modules/react-dom/cjs/react-dom-client.development.js:14956:41)\n    at renderRootSync (/Users/jeevithg/Downloads/Smart-Vendors-Suppliers-main/node_modules/react-dom/cjs/react-dom-client.development.js:14936:11)\n    at performWorkOnRoot (/Users/jeevithg/Downloads/Smart-Vendors-Suppliers-main/node_modules/react-dom/cjs/react-dom-client.development.js:14462:44)\u001b[0m\n            \u001b[36m</pre>\u001b[39m\n          \u001b[36m</div>\u001b[39m\n        \u001b[36m</div>\u001b[39m\n        \u001b[36m<div\u001b[39m\n          \u001b[33mclass\u001b[39m=\u001b[32m\"flex space-x-4\"\u001b[39m\n        \u001b[36m>\u001b[39m\n          \u001b[36m<button\u001b[39m\n            \u001b[33mclass\u001b[39m=\u001b[32m\"flex-1 bg-blue-600 hover:bg-blue-700 text-white font-medium py-2 px-4 rounded-md transition-colors\"\u001b[39m\n          \u001b[36m>\u001b[39m\n            \u001b[0mTry Again \u001b[0m\n            \u001b[0m(1/3)\u001b[0m\n          \u001b[36m</button>\u001b[39m\n          \u001b[36m<button\u001b[39m\n            \u001b[33mclass\u001b[39m=\u001b[32m\"flex-1 bg-gray-600 hover:bg-gray-700 text-white font-medium py-2 px-4 rounded-md transition-colors\"\u001b[39m\n          \u001b[36m>\u001b[39m\n            \u001b[0mReload Page\u001b[0m\n          \u001b[36m</button>\u001b[39m\n        \u001b[36m</div>\u001b[39m\n        \u001b[36m<div\u001b[39m\n          \u001b[33mclass\u001b[39m=\u001b[32m\"text-center\"\u001b[39m\n        \u001b[36m>\u001b[39m\n          \u001b[36m<p\u001b[39m\n            \u001b[33mclass\u001b[39m=\u001b[32m\"text-xs text-gray-500\"\u001b[39m\n          \u001b[36m>\u001b[39m\n            \u001b[0mError ID: \u001b[0m\n            \u001b[0merr_1771574537572_hqpvn78t2\u001b[0m\n          \u001b[36m</p>\u001b[39m\n          \u001b[36m<p\u001b[39m\n            \u001b[33mclass\u001b[39m=\u001b[32m\"text-xs text-gray-500 mt-1\"\u001b[39m\n          \u001b[36m>\u001b[39m\n            \u001b[0mRetry attempts: \u001b[0m\n            \u001b[0m1\u001b[0m\n            \u001b[0m/\u001b[0m\n            \u001b[0m3\u001b[0m\n          \u001b[36m</p>\u001b[39m\n        \u001b[36m</div>\u001b[39m\n      \u001b[36m</div>\u001b[39m\n    \u001b[36m</div>\u001b[39m\n  \u001b[36m</div>\u001b[39m\n\u001b[36m</body>\u001b[39m"],"location":{"line":17,"column":11}},{"ancestorTitles":["","ErrorBoundary"],"fullName":" ErrorBoundary should show reload button and handle reload","status":"passed","title":"should show reload button and handle reload","duration":33,"failureMessages":[]},{"ancestorTitles":["","ErrorBoundary"],"fullName":" ErrorBoundary should use custom fallback when provided","status":"passed","title":"should use custom fallback when provided","duration":4,"failureMessages":[]},{"ancestorTitles":["","ErrorBoundary"],"fullName":" ErrorBoundary should show error details in development mode","status":"passed","title":"should show error details in development mode","duration":6,"failureMessages":[]}],"startTime":1771574537451,"endTime":1771574537627,"status":"failed","message":"","name":"/Users/jeevithg/Downloads/Smart-Vendors-Suppliers-main/src/test/components/ErrorBoundary.test.tsx"},{"assertionResults":[{"ancestorTitles":["","FormField"],"fullName":" FormField should render text input correctly","status":"passed","title":"should render text input correctly","duration":92,"failureMessages":[]},{"ancestorTitles":["","FormField"],"fullName":" FormField should render required indicator","status":"passed","title":"should render required indicator","duration":3,"failureMessages":[]},{"ancestorTitles":["","FormField"],"fullName":" FormField should display error message","status":"passed","title":"should display error message","duration":19,"failureMessages":[]},{"ancestorTitles":["","FormField"],"fullName":" FormField should handle text input changes","status":"passed","title":"should handle text input changes","duration":69,"failureMessages":[]},{"ancestorTitles":["","FormField"],"fullName":" FormField should render textarea when type is textarea","status":"passed","title":"should render textarea when type is textarea","duration":27,"failureMessages":[]},{"ancestorTitles":["","FormField"],"fullName":" FormField should render select with options","status":"passed","title":"should render select with options","duration":19,"failureMessages":[]},{"ancestorTitles":["","FormField"],"fullName":" FormField should handle select changes","status":"failed","title":"should handle select changes","duration":47,"failureMessages":["expected '' to be 'option1' // Object.is equality"],"location":{"line":85,"column":32}},{"ancestorTitles":["","FormField"],"fullName":" FormField should apply error styling when error is present","status":"passed","title":"should apply error styling when error is present","duration":20,"failureMessages":[]},{"ancestorTitles":["","FormField"],"fullName":" FormField should apply disabled styling when disabled","status":"passed","title":"should apply disabled styling when disabled","duration":15,"failureMessages":[]},{"ancestorTitles":["","FormField"],"fullName":" FormField should handle blur events","status":"passed","title":"should handle blur events","duration":38,"failureMessages":[]},{"ancestorTitles":["","FormField"],"fullName":" FormField should set correct accessibility attributes","status":"passed","title":"should set correct accessibility attributes","duration":25,"failureMessages":[]},{"ancestorTitles":["","FormField"],"fullName":" FormField should render with custom test id","status":"passed","title":"should render with custom test id","duration":1,"failureMessages":[]},{"ancestorTitles":["","FormField"],"fullName":" FormField should handle number input with min/max","status":"passed","title":"should handle number input with min/max","duration":14,"failureMessages":[]},{"ancestorTitles":["","FormField"],"fullName":" FormField should handle email input type","status":"passed","title":"should handle email input type","duration":15,"failureMessages":[]},{"ancestorTitles":["","FormField"],"fullName":" FormField should handle password input type","status":"passed","title":"should handle password input type","duration":1,"failureMessages":[]}],"startTime":1771574537001,"endTime":1771574537407,"status":"failed","message":"","name":"/Users/jeevithg/Downloads/Smart-Vendors-Suppliers-main/src/test/components/FormField.test.tsx"},{"assertionResults":[{"ancestorTitles":["","VoiceFilterController","Component Rendering"],"fullName":" VoiceFilterController Component Rendering should render the voice filter controller","status":"passed","title":"should render the voice filter controller","duration":61,"failureMessages":[]},{"ancestorTitles":["","VoiceFilterController","Component Rendering"],"fullName":" VoiceFilterController Component Rendering should show current filters when they exist","status":"passed","title":"should show current filters when they exist","duration":18,"failureMessages":[]},{"ancestorTitles":["","VoiceFilterController","Component Rendering"],"fullName":" VoiceFilterController Component Rendering should render language selector with supported languages","status":"passed","title":"should render language selector with supported languages","duration":16,"failureMessages":[]},{"ancestorTitles":["","VoiceFilterController","Voice Recording"],"fullName":" VoiceFilterController Voice Recording should start recording when mic button is clicked","status":"passed","title":"should start recording when mic button is clicked","duration":56,"failureMessages":[]},{"ancestorTitles":["","VoiceFilterController","Voice Recording"],"fullName":" VoiceFilterController Voice Recording should stop recording when stop button is clicked","status":"passed","title":"should stop recording when stop button is clicked","duration":12,"failureMessages":[]},{"ancestorTitles":["","VoiceFilterController","Voice Recording"],"fullName":" VoiceFilterController Voice Recording should handle microphone access denied error","status":"passed","title":"should handle microphone access denied error","duration":47,"failureMessages":[]},{"ancestorTitles":["","VoiceFilterController","Filter Processing"],"fullName":" VoiceFilterController Filter Processing should process voice input and show confirmation dialog","status":"failed","title":"should process voice input and show confirmation dialog","duration":1015,"failureMessages":["Unable to find an element with the text: Detected Filter Criteria:. This could be because the text is broken up by multiple elements. In this case, you can provide a function for your text matcher to make your matcher more flexible.\n\nIgnored nodes: comments, script, style\n\u001b[36m<body>\u001b[39m\n  \u001b[36m<div />\u001b[39m\n\u001b[36m</body>\u001b[39m\n\nIgnored nodes: comments, script, style\n\u001b[36m<html>\u001b[39m\n  \u001b[36m<head />\u001b[39m\n  \u001b[36m<body>\u001b[39m\n    \u001b[36m<div />\u001b[39m\n  \u001b[36m</body>\u001b[39m\n\u001b[36m</html>\u001b[39m"],"location":{"line":163,"column":27}},{"ancestorTitles":["","VoiceFilterController","Filter Processing"],"fullName":" VoiceFilterController Filter Processing should apply parsed filters when confirmed","status":"failed","title":"should apply parsed filters when confirmed","duration":3,"failureMessages":["[CONVEX Q(voiceQuery:getVoicePreferences)] [Request ID: 58ec298ce05cbe27] Server Error\nCould not find public function for 'voiceQuery:getVoicePreferences'. Did you forget to run `npx convex dev` or `npx convex deploy`?\n\n  Called by client"],"location":{"line":230,"column":13}},{"ancestorTitles":["","VoiceFilterController","Filter Processing"],"fullName":" VoiceFilterController Filter Processing should allow modification of parsed filters","status":"failed","title":"should allow modification of parsed filters","duration":1,"failureMessages":["[CONVEX Q(voiceQuery:getVoicePreferences)] [Request ID: 58ec298ce05cbe27] Server Error\nCould not find public function for 'voiceQuery:getVoicePreferences'. Did you forget to run `npx convex dev` or `npx convex deploy`?\n\n  Called by client"],"location":{"line":230,"column":13}},{"ancestorTitles":["","VoiceFilterController","Filter Presets"],"fullName":" VoiceFilterController Filter Presets should show filter presets when presets button is clicked","status":"failed","title":"should show filter presets when presets button is clicked","duration":1,"failureMessages":["[CONVEX Q(voiceQuery:getVoicePreferences)] [Request ID: 58ec298ce05cbe27] Server Error\nCould not find public function for 'voiceQuery:getVoicePreferences'. Did you forget to run `npx convex dev` or `npx convex deploy`?\n\n  Called by client"],"location":{"line":230,"column":13}},{"ancestorTitles":["","VoiceFilterController","Filter Presets"],"fullName":" VoiceFilterController Filter Presets should apply preset filters when preset is selected","status":"failed","title":"should apply preset filters when preset is selected","duration":3,"failureMessages":["[CONVEX Q(voiceQuery:getVoicePreferences)] [Request ID: 58ec298ce05cbe27] Server Error\nCould not find public function for 'voiceQuery:getVoicePreferences'. Did you forget to run `npx convex dev` or `npx convex deploy`?\n\n  Called by client"],"location":{"line":230,"column":13}},{"ancestorTitles":["","VoiceFilterController","Filter Presets"],"fullName":" VoiceFilterController Filter Presets should save current filters as preset","status":"failed","title":"should save current filters as preset","duration":3,"failureMessages":["[CONVEX Q(voiceQuery:getVoicePreferences)] [Request ID: 58ec298ce05cbe27] Server Error\nCould not find public function for 'voiceQuery:getVoicePreferences'. Did you forget to run `npx convex dev` or `npx convex deploy`?\n\n  Called by client"],"location":{"line":230,"column":13}},{"ancestorTitles":["","VoiceFilterController","Filter Management"],"fullName":" VoiceFilterController Filter Management should clear all filters when clear button is clicked","status":"failed","title":"should clear all filters when clear button is clicked","duration":3,"failureMessages":["[CONVEX Q(voiceQuery:getVoicePreferences)] [Request ID: 58ec298ce05cbe27] Server Error\nCould not find public function for 'voiceQuery:getVoicePreferences'. Did you forget to run `npx convex dev` or `npx convex deploy`?\n\n  Called by client"],"location":{"line":230,"column":13}},{"ancestorTitles":["","VoiceFilterController","Filter Management"],"fullName":" VoiceFilterController Filter Management should format filters correctly for display","status":"failed","title":"should format filters correctly for display","duration":4,"failureMessages":["[CONVEX Q(voiceQuery:getVoicePreferences)] [Request ID: 58ec298ce05cbe27] Server Error\nCould not find public function for 'voiceQuery:getVoicePreferences'. Did you forget to run `npx convex dev` or `npx convex deploy`?\n\n  Called by client"],"location":{"line":230,"column":13}},{"ancestorTitles":["","VoiceFilterController","Error Handling"],"fullName":" VoiceFilterController Error Handling should show error when audio is too short","status":"failed","title":"should show error when audio is too short","duration":2,"failureMessages":["[CONVEX Q(voiceQuery:getVoicePreferences)] [Request ID: 58ec298ce05cbe27] Server Error\nCould not find public function for 'voiceQuery:getVoicePreferences'. Did you forget to run `npx convex dev` or `npx convex deploy`?\n\n  Called by client"],"location":{"line":230,"column":13}},{"ancestorTitles":["","VoiceFilterController","Error Handling"],"fullName":" VoiceFilterController Error Handling should show error when voice processing fails","status":"failed","title":"should show error when voice processing fails","duration":6,"failureMessages":["[CONVEX Q(voiceQuery:getVoicePreferences)] [Request ID: 58ec298ce05cbe27] Server Error\nCould not find public function for 'voiceQuery:getVoicePreferences'. Did you forget to run `npx convex dev` or `npx convex deploy`?\n\n  Called by client"],"location":{"line":230,"column":13}},{"ancestorTitles":["","VoiceFilterController","Error Handling"],"fullName":" VoiceFilterController Error Handling should allow dismissing error messages","status":"failed","title":"should allow dismissing error messages","duration":1,"failureMessages":["[CONVEX Q(voiceQuery:getVoicePreferences)] [Request ID: 58ec298ce05cbe27] Server Error\nCould not find public function for 'voiceQuery:getVoicePreferences'. Did you forget to run `npx convex dev` or `npx convex deploy`?\n\n  Called by client"],"location":{"line":230,"column":13}},{"ancestorTitles":["","VoiceFilterController","Voice Command Examples"],"fullName":" VoiceFilterController Voice Command Examples should show voice command examples","status":"failed","title":"should show voice command examples","duration":1,"failureMessages":["[CONVEX Q(voiceQuery:getVoicePreferences)] [Request ID: 58ec298ce05cbe27] Server Error\nCould not find public function for 'voiceQuery:getVoicePreferences'. Did you forget to run `npx convex dev` or `npx convex deploy`?\n\n  Called by client"],"location":{"line":230,"column":13}},{"ancestorTitles":["","VoiceFilterController","Accessibility"],"fullName":" VoiceFilterController Accessibility should have proper ARIA labels and roles","status":"failed","title":"should have proper ARIA labels and roles","duration":1,"failureMessages":["[CONVEX Q(voiceQuery:getVoicePreferences)] [Request ID: 58ec298ce05cbe27] Server Error\nCould not find public function for 'voiceQuery:getVoicePreferences'. Did you forget to run `npx convex dev` or `npx convex deploy`?\n\n  Called by client"],"location":{"line":230,"column":13}},{"ancestorTitles":["","VoiceFilterController","Accessibility"],"fullName":" VoiceFilterController Accessibility should support keyboard navigation","status":"failed","title":"should support keyboard navigation","duration":1,"failureMessages":["[CONVEX Q(voiceQuery:getVoicePreferences)] [Request ID: 58ec298ce05cbe27] Server Error\nCould not find public function for 'voiceQuery:getVoicePreferences'. Did you forget to run `npx convex dev` or `npx convex deploy`?\n\n  Called by client"],"location":{"line":230,"column":13}}],"startTime":1771574535334,"endTime":1771574536591,"status":"failed","message":"","name":"/Users/jeevithg/Downloads/Smart-Vendors-Suppliers-main/src/test/components/VoiceFilterController.test.tsx"},{"assertionResults":[{"ancestorTitles":["","Enhanced Voice Processing Infrastructure","Environment Configuration"],"fullName":" Enhanced Voice Processing Infrastructure Environment Configuration should have all required configuration values","status":"passed","title":"should have all required configuration values","duration":3,"failureMessages":[]},{"ancestorTitles":["","Enhanced Voice Processing Infrastructure","Environment Configuration"],"fullName":" Enhanced Voice Processing Infrastructure Environment Configuration should have proper image analysis configuration","status":"passed","title":"should have proper image analysis configuration","duration":0,"failureMessages":[]},{"ancestorTitles":["","Enhanced Voice Processing Infrastructure","Environment Configuration"],"fullName":" Enhanced Voice Processing Infrastructure Environment Configuration should have food categories defined","status":"passed","title":"should have food categories defined","duration":1,"failureMessages":[]},{"ancestorTitles":["","Enhanced Voice Processing Infrastructure","AI Service Integration"],"fullName":" Enhanced Voice Processing Infrastructure AI Service Integration should initialize with proper configuration","status":"passed","title":"should initialize with proper configuration","duration":0,"failureMessages":[]},{"ancestorTitles":["","Enhanced Voice Processing Infrastructure","AI Service Integration"],"fullName":" Enhanced Voice Processing Infrastructure AI Service Integration should perform health check","status":"passed","title":"should perform health check","duration":0,"failureMessages":[]},{"ancestorTitles":["","Enhanced Voice Processing Infrastructure","AI Service Integration"],"fullName":" Enhanced Voice Processing Infrastructure AI Service Integration should handle speech-to-text processing","status":"passed","title":"should handle speech-to-text processing","duration":2,"failureMessages":[]},{"ancestorTitles":["","Enhanced Voice Processing Infrastructure","AI Service Integration"],"fullName":" Enhanced Voice Processing Infrastructure AI Service Integration should handle translation","status":"passed","title":"should handle translation","duration":0,"failureMessages":[]},{"ancestorTitles":["","Enhanced Voice Processing Infrastructure","AI Service Integration"],"fullName":" Enhanced Voice Processing Infrastructure AI Service Integration should generate AI responses","status":"passed","title":"should generate AI responses","duration":0,"failureMessages":[]},{"ancestorTitles":["","Enhanced Voice Processing Infrastructure","Enhanced Voice Processor"],"fullName":" Enhanced Voice Processing Infrastructure Enhanced Voice Processor should initialize properly","status":"passed","title":"should initialize properly","duration":0,"failureMessages":[]},{"ancestorTitles":["","Enhanced Voice Processing Infrastructure","Enhanced Voice Processor"],"fullName":" Enhanced Voice Processing Infrastructure Enhanced Voice Processor should process voice search queries","status":"passed","title":"should process voice search queries","duration":1,"failureMessages":[]},{"ancestorTitles":["","Enhanced Voice Processing Infrastructure","Enhanced Voice Processor"],"fullName":" Enhanced Voice Processing Infrastructure Enhanced Voice Processor should process voice filter commands","status":"passed","title":"should process voice filter commands","duration":1,"failureMessages":[]},{"ancestorTitles":["","Enhanced Voice Processing Infrastructure","Enhanced Voice Processor"],"fullName":" Enhanced Voice Processing Infrastructure Enhanced Voice Processor should generate contextual voice responses","status":"passed","title":"should generate contextual voice responses","duration":0,"failureMessages":[]},{"ancestorTitles":["","Enhanced Voice Processing Infrastructure","Image Analysis Service"],"fullName":" Enhanced Voice Processing Infrastructure Image Analysis Service should initialize properly","status":"passed","title":"should initialize properly","duration":0,"failureMessages":[]},{"ancestorTitles":["","Enhanced Voice Processing Infrastructure","Image Analysis Service"],"fullName":" Enhanced Voice Processing Infrastructure Image Analysis Service should analyze food images","status":"passed","title":"should analyze food images","duration":4,"failureMessages":[]},{"ancestorTitles":["","Enhanced Voice Processing Infrastructure","Image Analysis Service"],"fullName":" Enhanced Voice Processing Infrastructure Image Analysis Service should handle image processing errors gracefully","status":"passed","title":"should handle image processing errors gracefully","duration":7,"failureMessages":[]},{"ancestorTitles":["","Enhanced Voice Processing Infrastructure","Computer Vision Manager"],"fullName":" Enhanced Voice Processing Infrastructure Computer Vision Manager should initialize with available providers","status":"passed","title":"should initialize with available providers","duration":1,"failureMessages":[]},{"ancestorTitles":["","Enhanced Voice Processing Infrastructure","Computer Vision Manager"],"fullName":" Enhanced Voice Processing Infrastructure Computer Vision Manager should get available providers","status":"passed","title":"should get available providers","duration":0,"failureMessages":[]},{"ancestorTitles":["","Enhanced Voice Processing Infrastructure","Computer Vision Manager"],"fullName":" Enhanced Voice Processing Infrastructure Computer Vision Manager should validate image files","status":"passed","title":"should validate image files","duration":3,"failureMessages":[]},{"ancestorTitles":["","Enhanced Voice Processing Infrastructure","Integration Tests"],"fullName":" Enhanced Voice Processing Infrastructure Integration Tests should handle complete voice-to-search workflow","status":"passed","title":"should handle complete voice-to-search workflow","duration":0,"failureMessages":[]},{"ancestorTitles":["","Enhanced Voice Processing Infrastructure","Integration Tests"],"fullName":" Enhanced Voice Processing Infrastructure Integration Tests should handle complete image-to-suppliers workflow","status":"passed","title":"should handle complete image-to-suppliers workflow","duration":2,"failureMessages":[]},{"ancestorTitles":["","Enhanced Voice Processing Infrastructure","Error Handling"],"fullName":" Enhanced Voice Processing Infrastructure Error Handling should handle API timeouts gracefully","status":"passed","title":"should handle API timeouts gracefully","duration":1,"failureMessages":[]},{"ancestorTitles":["","Enhanced Voice Processing Infrastructure","Error Handling"],"fullName":" Enhanced Voice Processing Infrastructure Error Handling should handle network errors gracefully","status":"passed","title":"should handle network errors gracefully","duration":1,"failureMessages":[]},{"ancestorTitles":["","Enhanced Voice Processing Infrastructure","Error Handling"],"fullName":" Enhanced Voice Processing Infrastructure Error Handling should handle invalid API responses","status":"passed","title":"should handle invalid API responses","duration":1,"failureMessages":[]}],"startTime":1771574535346,"endTime":1771574535374,"status":"passed","message":"","name":"/Users/jeevithg/Downloads/Smart-Vendors-Suppliers-main/src/test/infrastructure/voiceInfrastructure.test.ts"},{"assertionResults":[{"ancestorTitles":["","Comprehensive Error Handling Integration"],"fullName":" Comprehensive Error Handling Integration should handle network errors with retry capability","status":"failed","title":"should handle network errors with retry capability","duration":1172,"failureMessages":["expect(element).toHaveTextContent()\n\nExpected element to have text content:\n  Network timeout\nReceived:\n  No error\n\nIgnored nodes: comments, script, style\n\u001b[36m<html>\u001b[39m\n  \u001b[36m<head />\u001b[39m\n  \u001b[36m<body>\u001b[39m\n    \u001b[36m<div>\u001b[39m\n      \u001b[36m<div>\u001b[39m\n        \u001b[36m<div\u001b[39m\n          \u001b[33mdata-testid\u001b[39m=\u001b[32m\"loading\"\u001b[39m\n        \u001b[36m>\u001b[39m\n          \u001b[0mLoading...\u001b[0m\n        \u001b[36m</div>\u001b[39m\n        \u001b[36m<div\u001b[39m\n          \u001b[33mdata-testid\u001b[39m=\u001b[32m\"error\"\u001b[39m\n        \u001b[36m>\u001b[39m\n          \u001b[0mNo error\u001b[0m\n        \u001b[36m</div>\u001b[39m\n        \u001b[36m<button\u001b[39m\n          \u001b[33mdata-testid\u001b[39m=\u001b[32m\"network-button\"\u001b[39m\n        \u001b[36m>\u001b[39m\n          \u001b[0mNetwork Operation\u001b[0m\n        \u001b[36m</button>\u001b[39m\n        \u001b[36m<button\u001b[39m\n          \u001b[33mdata-testid\u001b[39m=\u001b[32m\"business-button\"\u001b[39m\n        \u001b[36m>\u001b[39m\n          \u001b[0mBusiness Validation\u001b[0m\n        \u001b[36m</button>\u001b[39m\n        \u001b[36m<button\u001b[39m\n          \u001b[33mdata-testid\u001b[39m=\u001b[32m\"manual-error-button\"\u001b[39m\n        \u001b[36m>\u001b[39m\n          \u001b[0mManual Error\u001b[0m\n        \u001b[36m</button>\u001b[39m\n        \u001b[36m<button\u001b[39m\n          \u001b[33mdata-testid\u001b[39m=\u001b[32m\"retry-button\"\u001b[39m\n        \u001b[36m>\u001b[39m\n          \u001b[0mRetry\u001b[0m\n        \u001b[36m</button>\u001b[39m\n        \u001b[36m<button\u001b[39m\n          \u001b[33mdata-testid\u001b[39m=\u001b[32m\"clear-button\"\u001b[39m\n        \u001b[36m>\u001b[39m\n          \u001b[0mClear Error\u001b[0m\n        \u001b[36m</button>\u001b[39m\n      \u001b[36m</div>\u001b[39m\n      \u001b[36m<div\u001b[39m\n        \u001b[33mclass\u001b[39m=\u001b[32m\"fixed bottom-4 left-4 w-80 bg-white border border-gray-300 rounded-lg shadow-lg z-50\"\u001b[39m\n      \u001b[36m>\u001b[39m\n        \u001b[36m<div\u001b[39m\n          \u001b[33mclass\u001b[39m=\u001b[32m\"bg-gray-50 px-4 py-2 border-b border-gray-200 rounded-t-lg\"\u001b[39m\n        \u001b[36m>\u001b[39m\n          \u001b[36m<div\u001b[39m\n            \u001b[33mclass\u001b[39m=\u001b[32m\"flex items-center justify-between\"\u001b[39m\n          \u001b[36m>\u001b[39m\n            \u001b[36m<h3\u001b[39m\n              \u001b[33mclass\u001b[39m=\u001b[32m\"text-sm font-medium text-gray-900\"\u001b[39m\n            \u001b[36m>\u001b[39m\n              \u001b[0mError Dashboard\u001b[0m\n            \u001b[36m</h3>\u001b[39m\n            \u001b[36m<div\u001b[39m\n              \u001b[33mclass\u001b[39m=\u001b[32m\"flex space-x-2\"\u001b[39m\n            \u001b[36m>\u001b[39m\n              \u001b[36m<button\u001b[39m\n                \u001b[33mclass\u001b[39m=\u001b[32m\"text-xs text-blue-600 hover:text-blue-800\"\u001b[39m\n                \u001b[33mtitle\u001b[39m=\u001b[32m\"Export Report\"\u001b[39m\n              \u001b[36m>\u001b[39m\n                \u001b[0mExport\u001b[0m\n              \u001b[36m</button>\u001b[39m\n              \u001b[36m<button\u001b[39m\n                \u001b[33mclass\u001b[39m=\u001b[32m\"text-xs text-red-600 hover:text-red-800\"\u001b[39m\n                \u001b[33mtitle\u001b[39m=\u001b[32m\"Clear Stats\"\u001b[39m\n              \u001b[36m>\u001b[39m\n                \u001b[0mClear\u001b[0m\n              \u001b[36m</button>\u001b[39m\n              \u001b[36m<button\u001b[39m\n                \u001b[33mclass\u001b[39m=\u001b[32m\"text-xs text-gray-500 hover:text-gray-700\"\u001b[39m\n                \u001b[33mtitle\u001b[39m=\u001b[32m\"Hide Dashboard\"\u001b[39m\n              \u001b[36m>\u001b[39m\n                \u001b[0m×\u001b[0m\n              \u001b[36m</button>\u001b[39m\n            \u001b[36m</div>\u001b[39m\n          \u001b[36m</div>\u001b[39m\n        \u001b[36m</div>\u001b[39m\n        \u001b[36m<div\u001b[39m\n          \u001b[33mclass\u001b[39m=\u001b[32m\"p-4 space-y-4 max-h-96 overflow-y-auto\"\u001b[39m\n        \u001b[36m>\u001b[39m\n          \u001b[36m<div>\u001b[39m\n            \u001b[36m<h4\u001b[39m\n              \u001b[33mclass\u001b[39m=\u001b[32m\"text-xs font-medium text-gray-700 mb-2\"\u001b[39m\n            \u001b[36m>\u001b[39m\n              \u001b[0mError Summary\u001b[0m\n            \u001b[36m</h4>\u001b[39m\n            \u001b[36m<div\u001b[39m\n              \u001b[33mclass\u001b[39m=\u001b[32m\"grid grid-cols-2 gap-2 text-xs\"\u001b[39m\n            \u001b[36m>\u001b[39m\n              \u001b[36m<div\u001b[39m\n                \u001b[33mclass\u001b[39m=\u001b[32m\"bg-red-50 p-2 rounded\"\u001b[39m\n              \u001b[36m>\u001b[39m\n                \u001b[36m<div\u001b[39m\n                  \u001b[33mclass\u001b[39m=\u001b[32m\"text-red-800 font-medium\"\u001b[39m\n                \u001b[36m>\u001b[39m\n                  \u001b[0mTotal Errors\u001b[0m\n                \u001b[36m</div>\u001b[39m\n                \u001b[36m<div\u001b[39m\n                  \u001b[33mclass\u001b[39m=\u001b[32m\"text-red-600 text-lg\"\u001b[39m\n                \u001b[36m>\u001b[39m\n                  \u001b[0m0\u001b[0m\n                \u001b[36m</div>\u001b[39m\n              \u001b[36m</div>\u001b[39m\n              \u001b[36m<div\u001b[39m\n                \u001b[33mclass\u001b[39m=\u001b[32m\"bg-yellow-50 p-2 rounded\"\u001b[39m\n              \u001b[36m>\u001b[39m\n                \u001b[36m<div\u001b[39m\n                  \u001b[33mclass\u001b[39m=\u001b[32m\"text-yellow-800 font-medium\"\u001b[39m\n                \u001b[36m>\u001b[39m\n                  \u001b[0mError Rate\u001b[0m\n                \u001b[36m</div>\u001b[39m\n                \u001b[36m<div\u001b[39m\n                  \u001b[33mclass\u001b[39m=\u001b[32m\"text-yellow-600 text-lg\"\u001b[39m\n                \u001b[36m>\u001b[39m\n                  \u001b[0m0.0\u001b[0m\n                  \u001b[0m%\u001b[0m\n                \u001b[36m</div>\u001b[39m\n              \u001b[36m</div>\u001b[39m\n            \u001b[36m</div>\u001b[39m\n          \u001b[36m</div>\u001b[39m\n          \u001b[36m<div>\u001b[39m\n            \u001b[36m<h4\u001b[39m\n              \u001b[33mclass\u001b[39m=\u001b[32m\"text-xs font-medium text-gray-700 mb-2\"\u001b[39m\n            \u001b[36m>\u001b[39m\n              \u001b[0mPerformance\u001b[0m\n            \u001b[36m</h4>\u001b[39m\n            \u001b[36m<div\u001b[39m\n              \u001b[33mclass\u001b[39m=\u001b[32m\"space-y-1 text-xs\"\u001b[39m\n            \u001b[36m>\u001b[39m\n              \u001b[36m<div\u001b[39m\n                \u001b[33mclass\u001b[39m=\u001b[32m\"flex justify-between\"\u001b[39m\n              \u001b[36m>\u001b[39m\n                \u001b[36m<span>\u001b[39m\n                  \u001b[0mAvg Response Time:\u001b[0m\n                \u001b[36m</span>\u001b[39m\n                \u001b[36m<span\u001b[39m\n                  \u001b[33mclass\u001b[39m=\u001b[32m\"text-green-600\"\u001b[39m\n                \u001b[36m>\u001b[39m\n                  \u001b[0m0\u001b[0m\n                  \u001b[0mms\u001b[0m\n                \u001b[36m</span>\u001b[39m\n              \u001b[36m</div>\u001b[39m\n              \u001b[36m<div\u001b[39m\n                \u001b[33mclass\u001b[39m=\u001b[32m\"flex justify-between\"\u001b[39m\n              \u001b[36m>\u001b[39m\n                \u001b[36m<span>\u001b[39m\n                  \u001b[0mSlow Requests:\u001b[0m\n                \u001b[36m</span>\u001b[39m\n                \u001b[36m<span\u001b[39m\n                  \u001b[33mclass\u001b[39m=\u001b[32m\"text-green-600\"\u001b[39m\n                \u001b[36m>\u001b[39m\n                  \u001b[0m0\u001b[0m\n                \u001b[36m</span>\u001b[39m\n              \u001b[36m</div>\u001b[39m\n            \u001b[36m</div>\u001b[39m\n          \u001b[36m</div>\u001b[39m\n          \u001b[36m<div>\u001b[39m\n            \u001b[36m<h4\u001b[39m\n              \u001b[33mclass\u001b[39m=\u001b[32m\"text-xs font-medium text-gray-700 mb-2\"\u001b[39m\n            \u001b[36m>\u001b[39m\n              \u001b[0mSystem Health\u001b[0m\n            \u001b[36m</h4>\u001b[39m\n            \u001b[36m<div\u001b[39m\n              \u001b[33mclass\u001b[39m=\u001b[32m\"flex items-center space-x-2 text-xs\"\u001b[39m\n            \u001b[36m>\u001b[39m\n              \u001b[36m<div\u001b[39m\n                \u001b[33mclass\u001b[39m=\u001b[32m\"w-2 h-2 rounded-full bg-green-500\"\u001b[39m\n              \u001b[36m/>\u001b[39m\n              \u001b[36m<span>\u001b[39m\n                \u001b[0mHealthy\u001b[0m\n              \u001b[36m</span>\u001b[39m\n            \u001b[36m</div>\u001b[39m\n          \u001b[36m</div>\u001b[39m\n        \u001b[36m</div>\u001b[39m\n      \u001b[36m</div>\u001b[39m\n      \u001b[36m<div\u001b[39m\n        \u001b[33mclass\u001b[39m=\u001b[32m\"fixed top-4 right-4 flex items-center space-x-2 px-3 py-1 rounded-full text-xs font-medium z-50 transition-all duration-300 bg-yellow-100 text-yellow-800 border border-yellow-200\"\u001b[39m\n        \u001b[33mdata-testid\u001b[39m=\u001b[32m\"connection-status\"\u001b[39m\n        \u001b[33mtitle\u001b[39m=\u001b[32m\"Poor connection\"\u001b[39m\n      \u001b[36m>\u001b[39m\n        \u001b[36m<div\u001b[39m\n          \u001b[33mclass\u001b[39m=\u001b[32m\"w-2 h-2 rounded-full bg-yellow-500 animate-pulse\"\u001b[39m\n        \u001b[36m/>\u001b[39m\n        \u001b[36m<span>\u001b[39m\n          \u001b[0mSlow\u001b[0m\n        \u001b[36m</span>\u001b[39m\n      \u001b[36m</div>\u001b[39m\n    \u001b[36m</div>\u001b[39m\n  \u001b[36m</body>\u001b[39m\n\u001b[36m</html>\u001b[39m"],"location":{"line":105,"column":43}},{"ancestorTitles":["","Comprehensive Error Handling Integration"],"fullName":" Comprehensive Error Handling Integration should handle business validation errors","status":"passed","title":"should handle business validation errors","duration":67,"failureMessages":[]},{"ancestorTitles":["","Comprehensive Error Handling Integration"],"fullName":" Comprehensive Error Handling Integration should handle manual errors with recovery actions","status":"passed","title":"should handle manual errors with recovery actions","duration":57,"failureMessages":[]},{"ancestorTitles":["","Comprehensive Error Handling Integration"],"fullName":" Comprehensive Error Handling Integration should allow clearing errors","status":"passed","title":"should allow clearing errors","duration":76,"failureMessages":[]},{"ancestorTitles":["","Comprehensive Error Handling Integration"],"fullName":" Comprehensive Error Handling Integration should integrate with error boundary for unhandled errors","status":"passed","title":"should integrate with error boundary for unhandled errors","duration":28,"failureMessages":[]},{"ancestorTitles":["","Comprehensive Error Handling Integration"],"fullName":" Comprehensive Error Handling Integration should handle offline scenarios","status":"failed","title":"should handle offline scenarios","duration":1031,"failureMessages":["expect(element).toHaveTextContent()\n\nExpected element to have text content:\n  Network timeout\nReceived:\n  No error\n\nIgnored nodes: comments, script, style\n\u001b[36m<html>\u001b[39m\n  \u001b[36m<head />\u001b[39m\n  \u001b[36m<body>\u001b[39m\n    \u001b[36m<div>\u001b[39m\n      \u001b[36m<div>\u001b[39m\n        \u001b[36m<div\u001b[39m\n          \u001b[33mdata-testid\u001b[39m=\u001b[32m\"loading\"\u001b[39m\n        \u001b[36m>\u001b[39m\n          \u001b[0mLoading...\u001b[0m\n        \u001b[36m</div>\u001b[39m\n        \u001b[36m<div\u001b[39m\n          \u001b[33mdata-testid\u001b[39m=\u001b[32m\"error\"\u001b[39m\n        \u001b[36m>\u001b[39m\n          \u001b[0mNo error\u001b[0m\n        \u001b[36m</div>\u001b[39m\n        \u001b[36m<button\u001b[39m\n          \u001b[33mdata-testid\u001b[39m=\u001b[32m\"network-button\"\u001b[39m\n        \u001b[36m>\u001b[39m\n          \u001b[0mNetwork Operation\u001b[0m\n        \u001b[36m</button>\u001b[39m\n        \u001b[36m<button\u001b[39m\n          \u001b[33mdata-testid\u001b[39m=\u001b[32m\"business-button\"\u001b[39m\n        \u001b[36m>\u001b[39m\n          \u001b[0mBusiness Validation\u001b[0m\n        \u001b[36m</button>\u001b[39m\n        \u001b[36m<button\u001b[39m\n          \u001b[33mdata-testid\u001b[39m=\u001b[32m\"manual-error-button\"\u001b[39m\n        \u001b[36m>\u001b[39m\n          \u001b[0mManual Error\u001b[0m\n        \u001b[36m</button>\u001b[39m\n        \u001b[36m<button\u001b[39m\n          \u001b[33mdata-testid\u001b[39m=\u001b[32m\"retry-button\"\u001b[39m\n        \u001b[36m>\u001b[39m\n          \u001b[0mRetry\u001b[0m\n        \u001b[36m</button>\u001b[39m\n        \u001b[36m<button\u001b[39m\n          \u001b[33mdata-testid\u001b[39m=\u001b[32m\"clear-button\"\u001b[39m\n        \u001b[36m>\u001b[39m\n          \u001b[0mClear Error\u001b[0m\n        \u001b[36m</button>\u001b[39m\n      \u001b[36m</div>\u001b[39m\n      \u001b[36m<div\u001b[39m\n        \u001b[33mclass\u001b[39m=\u001b[32m\"fixed bottom-4 left-4 w-80 bg-white border border-gray-300 rounded-lg shadow-lg z-50\"\u001b[39m\n      \u001b[36m>\u001b[39m\n        \u001b[36m<div\u001b[39m\n          \u001b[33mclass\u001b[39m=\u001b[32m\"bg-gray-50 px-4 py-2 border-b border-gray-200 rounded-t-lg\"\u001b[39m\n        \u001b[36m>\u001b[39m\n          \u001b[36m<div\u001b[39m\n            \u001b[33mclass\u001b[39m=\u001b[32m\"flex items-center justify-between\"\u001b[39m\n          \u001b[36m>\u001b[39m\n            \u001b[36m<h3\u001b[39m\n              \u001b[33mclass\u001b[39m=\u001b[32m\"text-sm font-medium text-gray-900\"\u001b[39m\n            \u001b[36m>\u001b[39m\n              \u001b[0mError Dashboard\u001b[0m\n            \u001b[36m</h3>\u001b[39m\n            \u001b[36m<div\u001b[39m\n              \u001b[33mclass\u001b[39m=\u001b[32m\"flex space-x-2\"\u001b[39m\n            \u001b[36m>\u001b[39m\n              \u001b[36m<button\u001b[39m\n                \u001b[33mclass\u001b[39m=\u001b[32m\"text-xs text-blue-600 hover:text-blue-800\"\u001b[39m\n                \u001b[33mtitle\u001b[39m=\u001b[32m\"Export Report\"\u001b[39m\n              \u001b[36m>\u001b[39m\n                \u001b[0mExport\u001b[0m\n              \u001b[36m</button>\u001b[39m\n              \u001b[36m<button\u001b[39m\n                \u001b[33mclass\u001b[39m=\u001b[32m\"text-xs text-red-600 hover:text-red-800\"\u001b[39m\n                \u001b[33mtitle\u001b[39m=\u001b[32m\"Clear Stats\"\u001b[39m\n              \u001b[36m>\u001b[39m\n                \u001b[0mClear\u001b[0m\n              \u001b[36m</button>\u001b[39m\n              \u001b[36m<button\u001b[39m\n                \u001b[33mclass\u001b[39m=\u001b[32m\"text-xs text-gray-500 hover:text-gray-700\"\u001b[39m\n                \u001b[33mtitle\u001b[39m=\u001b[32m\"Hide Dashboard\"\u001b[39m\n              \u001b[36m>\u001b[39m\n                \u001b[0m×\u001b[0m\n              \u001b[36m</button>\u001b[39m\n            \u001b[36m</div>\u001b[39m\n          \u001b[36m</div>\u001b[39m\n        \u001b[36m</div>\u001b[39m\n        \u001b[36m<div\u001b[39m\n          \u001b[33mclass\u001b[39m=\u001b[32m\"p-4 space-y-4 max-h-96 overflow-y-auto\"\u001b[39m\n        \u001b[36m>\u001b[39m\n          \u001b[36m<div>\u001b[39m\n            \u001b[36m<h4\u001b[39m\n              \u001b[33mclass\u001b[39m=\u001b[32m\"text-xs font-medium text-gray-700 mb-2\"\u001b[39m\n            \u001b[36m>\u001b[39m\n              \u001b[0mError Summary\u001b[0m\n            \u001b[36m</h4>\u001b[39m\n            \u001b[36m<div\u001b[39m\n              \u001b[33mclass\u001b[39m=\u001b[32m\"grid grid-cols-2 gap-2 text-xs\"\u001b[39m\n            \u001b[36m>\u001b[39m\n              \u001b[36m<div\u001b[39m\n                \u001b[33mclass\u001b[39m=\u001b[32m\"bg-red-50 p-2 rounded\"\u001b[39m\n              \u001b[36m>\u001b[39m\n                \u001b[36m<div\u001b[39m\n                  \u001b[33mclass\u001b[39m=\u001b[32m\"text-red-800 font-medium\"\u001b[39m\n                \u001b[36m>\u001b[39m\n                  \u001b[0mTotal Errors\u001b[0m\n                \u001b[36m</div>\u001b[39m\n                \u001b[36m<div\u001b[39m\n                  \u001b[33mclass\u001b[39m=\u001b[32m\"text-red-600 text-lg\"\u001b[39m\n                \u001b[36m>\u001b[39m\n                  \u001b[0m0\u001b[0m\n                \u001b[36m</div>\u001b[39m\n              \u001b[36m</div>\u001b[39m\n              \u001b[36m<div\u001b[39m\n                \u001b[33mclass\u001b[39m=\u001b[32m\"bg-yellow-50 p-2 rounded\"\u001b[39m\n              \u001b[36m>\u001b[39m\n                \u001b[36m<div\u001b[39m\n                  \u001b[33mclass\u001b[39m=\u001b[32m\"text-yellow-800 font-medium\"\u001b[39m\n                \u001b[36m>\u001b[39m\n                  \u001b[0mError Rate\u001b[0m\n                \u001b[36m</div>\u001b[39m\n                \u001b[36m<div\u001b[39m\n                  \u001b[33mclass\u001b[39m=\u001b[32m\"text-yellow-600 text-lg\"\u001b[39m\n                \u001b[36m>\u001b[39m\n                  \u001b[0m0.0\u001b[0m\n                  \u001b[0m%\u001b[0m\n                \u001b[36m</div>\u001b[39m\n              \u001b[36m</div>\u001b[39m\n            \u001b[36m</div>\u001b[39m\n          \u001b[36m</div>\u001b[39m\n          \u001b[36m<div>\u001b[39m\n            \u001b[36m<h4\u001b[39m\n              \u001b[33mclass\u001b[39m=\u001b[32m\"text-xs font-medium text-gray-700 mb-2\"\u001b[39m\n            \u001b[36m>\u001b[39m\n              \u001b[0mPerformance\u001b[0m\n            \u001b[36m</h4>\u001b[39m\n            \u001b[36m<div\u001b[39m\n              \u001b[33mclass\u001b[39m=\u001b[32m\"space-y-1 text-xs\"\u001b[39m\n            \u001b[36m>\u001b[39m\n              \u001b[36m<div\u001b[39m\n                \u001b[33mclass\u001b[39m=\u001b[32m\"flex justify-between\"\u001b[39m\n              \u001b[36m>\u001b[39m\n                \u001b[36m<span>\u001b[39m\n                  \u001b[0mAvg Response Time:\u001b[0m\n                \u001b[36m</span>\u001b[39m\n                \u001b[36m<span\u001b[39m\n                  \u001b[33mclass\u001b[39m=\u001b[32m\"text-green-600\"\u001b[39m\n                \u001b[36m>\u001b[39m\n                  \u001b[0m0\u001b[0m\n                  \u001b[0mms\u001b[0m\n                \u001b[36m</span>\u001b[39m\n              \u001b[36m</div>\u001b[39m\n              \u001b[36m<div\u001b[39m\n                \u001b[33mclass\u001b[39m=\u001b[32m\"flex justify-between\"\u001b[39m\n              \u001b[36m>\u001b[39m\n                \u001b[36m<span>\u001b[39m\n                  \u001b[0mSlow Requests:\u001b[0m\n                \u001b[36m</span>\u001b[39m\n                \u001b[36m<span\u001b[39m\n                  \u001b[33mclass\u001b[39m=\u001b[32m\"text-green-600\"\u001b[39m\n                \u001b[36m>\u001b[39m\n                  \u001b[0m0\u001b[0m\n                \u001b[36m</span>\u001b[39m\n              \u001b[36m</div>\u001b[39m\n            \u001b[36m</div>\u001b[39m\n          \u001b[36m</div>\u001b[39m\n          \u001b[36m<div>\u001b[39m\n            \u001b[36m<h4\u001b[39m\n              \u001b[33mclass\u001b[39m=\u001b[32m\"text-xs font-medium text-gray-700 mb-2\"\u001b[39m\n            \u001b[36m>\u001b[39m\n              \u001b[0mSystem Health\u001b[0m\n            \u001b[36m</h4>\u001b[39m\n            \u001b[36m<div\u001b[39m\n              \u001b[33mclass\u001b[39m=\u001b[32m\"flex items-center space-x-2 text-xs\"\u001b[39m\n            \u001b[36m>\u001b[39m\n              \u001b[36m<div\u001b[39m\n                \u001b[33mclass\u001b[39m=\u001b[32m\"w-2 h-2 rounded-full bg-green-500\"\u001b[39m\n              \u001b[36m/>\u001b[39m\n              \u001b[36m<span>\u001b[39m\n                \u001b[0mHealthy\u001b[0m\n              \u001b[36m</span>\u001b[39m\n            \u001b[36m</div>\u001b[39m\n          \u001b[36m</div>\u001b[39m\n        \u001b[36m</div>\u001b[39m\n      \u001b[36m</div>\u001b[39m\n      \u001b[36m<div\u001b[39m\n        \u001b[33maria-live\u001b[39m=\u001b[32m\"polite\"\u001b[39m\n        \u001b[33mclass\u001b[39m=\u001b[32m\"fixed top-0 left-0 right-0 bg-yellow-500 text-white px-4 py-2 text-center text-sm font-medium z-50 shadow-lg\"\u001b[39m\n        \u001b[33mdata-testid\u001b[39m=\u001b[32m\"offline-indicator\"\u001b[39m\n        \u001b[33mrole\u001b[39m=\u001b[32m\"alert\"\u001b[39m\n      \u001b[36m>\u001b[39m\n        \u001b[36m<div\u001b[39m\n          \u001b[33mclass\u001b[39m=\u001b[32m\"flex items-center justify-center space-x-2\"\u001b[39m\n        \u001b[36m>\u001b[39m\n          \u001b[36m<svg\u001b[39m\n            \u001b[33mclass\u001b[39m=\u001b[32m\"w-4 h-4 animate-pulse\"\u001b[39m\n            \u001b[33mfill\u001b[39m=\u001b[32m\"none\"\u001b[39m\n            \u001b[33mstroke\u001b[39m=\u001b[32m\"currentColor\"\u001b[39m\n            \u001b[33mviewBox\u001b[39m=\u001b[32m\"0 0 24 24\"\u001b[39m\n          \u001b[36m>\u001b[39m\n            \u001b[36m<path\u001b[39m\n              \u001b[33md\u001b[39m=\u001b[32m\"M12 9v2m0 4h.01m-6.938 4h13.856c1.54 0 2.502-1.667 1.732-2.5L13.732 4c-.77-.833-1.964-.833-2.732 0L3.732 16.5c-.77.833.192 2.5 1.732 2.5z\"\u001b[39m\n              \u001b[33mstroke-linecap\u001b[39m=\u001b[32m\"round\"\u001b[39m\n              \u001b[33mstroke-linejoin\u001b[39m=\u001b[32m\"round\"\u001b[39m\n              \u001b[33mstroke-width\u001b[39m=\u001b[32m\"2\"\u001b[39m\n            \u001b[36m/>\u001b[39m\n          \u001b[36m</svg>\u001b[39m\n          \u001b[36m<span>\u001b[39m\n            \u001b[0mYou're offline\u001b[0m\n          \u001b[36m</span>\u001b[39m\n          \u001b[36m<span\u001b[39m\n            \u001b[33mclass\u001b[39m=\u001b[32m\"text-yellow-200\"\u001b[39m\n          \u001b[36m>\u001b[39m\n            \u001b[0m•\u001b[0m\n          \u001b[36m</span>\u001b[39m\n          \u001b[36m<span\u001b[39m\n            \u001b[33mclass\u001b[39m=\u001b[32m\"text-xs\"\u001b[39m\n          \u001b[36m>\u001b[39m\n            \u001b[0mActions will be saved and synced later\u001b[0m\n          \u001b[36m</span>\u001b[39m\n        \u001b[36m</div>\u001b[39m\n      \u001b[36m</div>\u001b[39m\n      \u001b[36m<div\u001b[39m\n        \u001b[33mclass\u001b[39m=\u001b[32m\"fixed top-4 right-4 flex items-center space-x-2 px-3 py-1 rounded-full text-xs font-medium z-50 transition-all duration-300 bg-red-100 text-red-800 border border-red-200\"\u001b[39m\n        \u001b[33mdata-testid\u001b[39m=\u001b[32m\"connection-status\"\u001b[39m\n        \u001b[33mtitle\u001b[39m=\u001b[32m\"Offline\"\u001b[39m\n      \u001b[36m>\u001b[39m\n        \u001b[36m<div\u001b[39m\n          \u001b[33mclass\u001b[39m=\u001b[32m\"w-2 h-2 rounded-full bg-red-500\"\u001b[39m\n        \u001b[36m/>\u001b[39m\n        \u001b[36m<span>\u001b[39m\n          \u001b[0mOffline\u001b[0m\n        \u001b[36m</span>\u001b[39m\n      \u001b[36m</div>\u001b[39m\n    \u001b[36m</div>\u001b[39m\n  \u001b[36m</body>\u001b[39m\n\u001b[36m</html>\u001b[39m"],"location":{"line":245,"column":43}},{"ancestorTitles":["","Comprehensive Error Handling Integration"],"fullName":" Comprehensive Error Handling Integration should handle rapid successive errors","status":"failed","title":"should handle rapid successive errors","duration":1060,"failureMessages":["expected \"spy\" to be called 2 times, but got 1 times\n\nIgnored nodes: comments, script, style\n\u001b[36m<html>\u001b[39m\n  \u001b[36m<head />\u001b[39m\n  \u001b[36m<body>\u001b[39m\n    \u001b[36m<div>\u001b[39m\n      \u001b[36m<div>\u001b[39m\n        \u001b[36m<div\u001b[39m\n          \u001b[33mdata-testid\u001b[39m=\u001b[32m\"loading\"\u001b[39m\n        \u001b[36m>\u001b[39m\n          \u001b[0mLoading...\u001b[0m\n        \u001b[36m</div>\u001b[39m\n        \u001b[36m<div\u001b[39m\n          \u001b[33mdata-testid\u001b[39m=\u001b[32m\"error\"\u001b[39m\n        \u001b[36m>\u001b[39m\n          \u001b[0mManual error\u001b[0m\n        \u001b[36m</div>\u001b[39m\n        \u001b[36m<button\u001b[39m\n          \u001b[33mdata-testid\u001b[39m=\u001b[32m\"network-button\"\u001b[39m\n        \u001b[36m>\u001b[39m\n          \u001b[0mNetwork Operation\u001b[0m\n        \u001b[36m</button>\u001b[39m\n        \u001b[36m<button\u001b[39m\n          \u001b[33mdata-testid\u001b[39m=\u001b[32m\"business-button\"\u001b[39m\n        \u001b[36m>\u001b[39m\n          \u001b[0mBusiness Validation\u001b[0m\n        \u001b[36m</button>\u001b[39m\n        \u001b[36m<button\u001b[39m\n          \u001b[33mdata-testid\u001b[39m=\u001b[32m\"manual-error-button\"\u001b[39m\n        \u001b[36m>\u001b[39m\n          \u001b[0mManual Error\u001b[0m\n        \u001b[36m</button>\u001b[39m\n        \u001b[36m<button\u001b[39m\n          \u001b[33mdata-testid\u001b[39m=\u001b[32m\"retry-button\"\u001b[39m\n        \u001b[36m>\u001b[39m\n          \u001b[0mRetry\u001b[0m\n        \u001b[36m</button>\u001b[39m\n        \u001b[36m<button\u001b[39m\n          \u001b[33mdata-testid\u001b[39m=\u001b[32m\"clear-button\"\u001b[39m\n        \u001b[36m>\u001b[39m\n          \u001b[0mClear Error\u001b[0m\n        \u001b[36m</button>\u001b[39m\n      \u001b[36m</div>\u001b[39m\n      \u001b[36m<div\u001b[39m\n        \u001b[33mclass\u001b[39m=\u001b[32m\"fixed bottom-4 left-4 w-80 bg-white border border-gray-300 rounded-lg shadow-lg z-50\"\u001b[39m\n      \u001b[36m>\u001b[39m\n        \u001b[36m<div\u001b[39m\n          \u001b[33mclass\u001b[39m=\u001b[32m\"bg-gray-50 px-4 py-2 border-b border-gray-200 rounded-t-lg\"\u001b[39m\n        \u001b[36m>\u001b[39m\n          \u001b[36m<div\u001b[39m\n            \u001b[33mclass\u001b[39m=\u001b[32m\"flex items-center justify-between\"\u001b[39m\n          \u001b[36m>\u001b[39m\n            \u001b[36m<h3\u001b[39m\n              \u001b[33mclass\u001b[39m=\u001b[32m\"text-sm font-medium text-gray-900\"\u001b[39m\n            \u001b[36m>\u001b[39m\n              \u001b[0mError Dashboard\u001b[0m\n            \u001b[36m</h3>\u001b[39m\n            \u001b[36m<div\u001b[39m\n              \u001b[33mclass\u001b[39m=\u001b[32m\"flex space-x-2\"\u001b[39m\n            \u001b[36m>\u001b[39m\n              \u001b[36m<button\u001b[39m\n                \u001b[33mclass\u001b[39m=\u001b[32m\"text-xs text-blue-600 hover:text-blue-800\"\u001b[39m\n                \u001b[33mtitle\u001b[39m=\u001b[32m\"Export Report\"\u001b[39m\n              \u001b[36m>\u001b[39m\n                \u001b[0mExport\u001b[0m\n              \u001b[36m</button>\u001b[39m\n              \u001b[36m<button\u001b[39m\n                \u001b[33mclass\u001b[39m=\u001b[32m\"text-xs text-red-600 hover:text-red-800\"\u001b[39m\n                \u001b[33mtitle\u001b[39m=\u001b[32m\"Clear Stats\"\u001b[39m\n              \u001b[36m>\u001b[39m\n                \u001b[0mClear\u001b[0m\n              \u001b[36m</button>\u001b[39m\n              \u001b[36m<button\u001b[39m\n                \u001b[33mclass\u001b[39m=\u001b[32m\"text-xs text-gray-500 hover:text-gray-700\"\u001b[39m\n                \u001b[33mtitle\u001b[39m=\u001b[32m\"Hide Dashboard\"\u001b[39m\n              \u001b[36m>\u001b[39m\n                \u001b[0m×\u001b[0m\n              \u001b[36m</button>\u001b[39m\n            \u001b[36m</div>\u001b[39m\n          \u001b[36m</div>\u001b[39m\n        \u001b[36m</div>\u001b[39m\n        \u001b[36m<div\u001b[39m\n          \u001b[33mclass\u001b[39m=\u001b[32m\"p-4 space-y-4 max-h-96 overflow-y-auto\"\u001b[39m\n        \u001b[36m>\u001b[39m\n          \u001b[36m<div>\u001b[39m\n            \u001b[36m<h4\u001b[39m\n              \u001b[33mclass\u001b[39m=\u001b[32m\"text-xs font-medium text-gray-700 mb-2\"\u001b[39m\n            \u001b[36m>\u001b[39m\n              \u001b[0mError Summary\u001b[0m\n            \u001b[36m</h4>\u001b[39m\n            \u001b[36m<div\u001b[39m\n              \u001b[33mclass\u001b[39m=\u001b[32m\"grid grid-cols-2 gap-2 text-xs\"\u001b[39m\n            \u001b[36m>\u001b[39m\n              \u001b[36m<div\u001b[39m\n                \u001b[33mclass\u001b[39m=\u001b[32m\"bg-red-50 p-2 rounded\"\u001b[39m\n              \u001b[36m>\u001b[39m\n                \u001b[36m<div\u001b[39m\n                  \u001b[33mclass\u001b[39m=\u001b[32m\"text-red-800 font-medium\"\u001b[39m\n                \u001b[36m>\u001b[39m\n                  \u001b[0mTotal Errors\u001b[0m\n                \u001b[36m</div>\u001b[39m\n                \u001b[36m<div\u001b[39m\n                  \u001b[33mclass\u001b[39m=\u001b[32m\"text-red-600 text-lg\"\u001b[39m\n                \u001b[36m>\u001b[39m\n                  \u001b[0m0\u001b[0m\n                \u001b[36m</div>\u001b[39m\n              \u001b[36m</div>\u001b[39m\n              \u001b[36m<div\u001b[39m\n                \u001b[33mclass\u001b[39m=\u001b[32m\"bg-yellow-50 p-2 rounded\"\u001b[39m\n              \u001b[36m>\u001b[39m\n                \u001b[36m<div\u001b[39m\n                  \u001b[33mclass\u001b[39m=\u001b[32m\"text-yellow-800 font-medium\"\u001b[39m\n                \u001b[36m>\u001b[39m\n                  \u001b[0mError Rate\u001b[0m\n                \u001b[36m</div>\u001b[39m\n                \u001b[36m<div\u001b[39m\n                  \u001b[33mclass\u001b[39m=\u001b[32m\"text-yellow-600 text-lg\"\u001b[39m\n                \u001b[36m>\u001b[39m\n                  \u001b[0m0.0\u001b[0m\n                  \u001b[0m%\u001b[0m\n                \u001b[36m</div>\u001b[39m\n              \u001b[36m</div>\u001b[39m\n            \u001b[36m</div>\u001b[39m\n          \u001b[36m</div>\u001b[39m\n          \u001b[36m<div>\u001b[39m\n            \u001b[36m<h4\u001b[39m\n              \u001b[33mclass\u001b[39m=\u001b[32m\"text-xs font-medium text-gray-700 mb-2\"\u001b[39m\n            \u001b[36m>\u001b[39m\n              \u001b[0mPerformance\u001b[0m\n            \u001b[36m</h4>\u001b[39m\n            \u001b[36m<div\u001b[39m\n              \u001b[33mclass\u001b[39m=\u001b[32m\"space-y-1 text-xs\"\u001b[39m\n            \u001b[36m>\u001b[39m\n              \u001b[36m<div\u001b[39m\n                \u001b[33mclass\u001b[39m=\u001b[32m\"flex justify-between\"\u001b[39m\n              \u001b[36m>\u001b[39m\n                \u001b[36m<span>\u001b[39m\n                  \u001b[0mAvg Response Time:\u001b[0m\n                \u001b[36m</span>\u001b[39m\n                \u001b[36m<span\u001b[39m\n                  \u001b[33mclass\u001b[39m=\u001b[32m\"text-green-600\"\u001b[39m\n                \u001b[36m>\u001b[39m\n                  \u001b[0m0\u001b[0m\n                  \u001b[0mms\u001b[0m\n                \u001b[36m</span>\u001b[39m\n              \u001b[36m</div>\u001b[39m\n              \u001b[36m<div\u001b[39m\n                \u001b[33mclass\u001b[39m=\u001b[32m\"flex justify-between\"\u001b[39m\n              \u001b[36m>\u001b[39m\n                \u001b[36m<span>\u001b[39m\n                  \u001b[0mSlow Requests:\u001b[0m\n                \u001b[36m</span>\u001b[39m\n                \u001b[36m<span\u001b[39m\n                  \u001b[33mclass\u001b[39m=\u001b[32m\"text-green-600\"\u001b[39m\n                \u001b[36m>\u001b[39m\n                  \u001b[0m0\u001b[0m\n                \u001b[36m</span>\u001b[39m\n              \u001b[36m</div>\u001b[39m\n            \u001b[36m</div>\u001b[39m\n          \u001b[36m</div>\u001b[39m\n          \u001b[36m<div>\u001b[39m\n            \u001b[36m<h4\u001b[39m\n              \u001b[33mclass\u001b[39m=\u001b[32m\"text-xs font-medium text-gray-700 mb-2\"\u001b[39m\n            \u001b[36m>\u001b[39m\n              \u001b[0mSystem Health\u001b[0m\n            \u001b[36m</h4>\u001b[39m\n            \u001b[36m<div\u001b[39m\n              \u001b[33mclass\u001b[39m=\u001b[32m\"flex items-center space-x-2 text-xs\"\u001b[39m\n            \u001b[36m>\u001b[39m\n              \u001b[36m<div\u001b[39m\n                \u001b[33mclass\u001b[39m=\u001b[32m\"w-2 h-2 rounded-full bg-green-500\"\u001b[39m\n              \u001b[36m/>\u001b[39m\n              \u001b[36m<span>\u001b[39m\n                \u001b[0mHealthy\u001b[0m\n              \u001b[36m</span>\u001b[39m\n            \u001b[36m</div>\u001b[39m\n          \u001b[36m</div>\u001b[39m\n        \u001b[36m</div>\u001b[39m\n      \u001b[36m</div>\u001b[39m\n      \u001b[36m<div\u001b[39m\n        \u001b[33maria-live\u001b[39m=\u001b[32m\"polite\"\u001b[39m\n        \u001b[33mclass\u001b[39m=\u001b[32m\"fixed top-0 left-0 right-0 bg-yellow-500 text-white px-4 py-2 text-center text-sm font-medium z-50 shadow-lg\"\u001b[39m\n        \u001b[33mdata-testid\u001b[39m=\u001b[32m\"offline-indicator\"\u001b[39m\n        \u001b[33mrole\u001b[39m=\u001b[32m\"alert\"\u001b[39m\n      \u001b[36m>\u001b[39m\n        \u001b[36m<div\u001b[39m\n          \u001b[33mclass\u001b[39m=\u001b[32m\"flex items-center justify-center space-x-2\"\u001b[39m\n        \u001b[36m>\u001b[39m\n          \u001b[36m<svg\u001b[39m\n            \u001b[33mclass\u001b[39m=\u001b[32m\"w-4 h-4 animate-pulse\"\u001b[39m\n            \u001b[33mfill\u001b[39m=\u001b[32m\"none\"\u001b[39m\n            \u001b[33mstroke\u001b[39m=\u001b[32m\"currentColor\"\u001b[39m\n            \u001b[33mviewBox\u001b[39m=\u001b[32m\"0 0 24 24\"\u001b[39m\n          \u001b[36m>\u001b[39m\n            \u001b[36m<path\u001b[39m\n              \u001b[33md\u001b[39m=\u001b[32m\"M12 9v2m0 4h.01m-6.938 4h13.856c1.54 0 2.502-1.667 1.732-2.5L13.732 4c-.77-.833-1.964-.833-2.732 0L3.732 16.5c-.77.833.192 2.5 1.732 2.5z\"\u001b[39m\n              \u001b[33mstroke-linecap\u001b[39m=\u001b[32m\"round\"\u001b[39m\n              \u001b[33mstroke-linejoin\u001b[39m=\u001b[32m\"round\"\u001b[39m\n              \u001b[33mstroke-width\u001b[39m=\u001b[32m\"2\"\u001b[39m\n            \u001b[36m/>\u001b[39m\n          \u001b[36m</svg>\u001b[39m\n          \u001b[36m<span>\u001b[39m\n            \u001b[0mYou're offline\u001b[0m\n          \u001b[36m</span>\u001b[39m\n          \u001b[36m<span\u001b[39m\n            \u001b[33mclass\u001b[39m=\u001b[32m\"text-yellow-200\"\u001b[39m\n          \u001b[36m>\u001b[39m\n            \u001b[0m•\u001b[0m\n          \u001b[36m</span>\u001b[39m\n          \u001b[36m<span\u001b[39m\n            \u001b[33mclass\u001b[39m=\u001b[32m\"text-xs\"\u001b[39m\n          \u001b[36m>\u001b[39m\n            \u001b[0mActions will be saved and synced later\u001b[0m\n          \u001b[36m</span>\u001b[39m\n        \u001b[36m</div>\u001b[39m\n      \u001b[36m</div>\u001b[39m\n      \u001b[36m<div\u001b[39m\n        \u001b[33mclass\u001b[39m=\u001b[32m\"fixed top-4 right-4 flex items-center space-x-2 px-3 py-1 rounded-full text-xs font-medium z-50 transition-all duration-300 bg-red-100 text-red-800 border border-red-200\"\u001b[39m\n        \u001b[33mdata-testid\u001b[39m=\u001b[32m\"connection-status\"\u001b[39m\n        \u001b[33mtitle\u001b[39m=\u001b[32m\"Offline\"\u001b[39m\n      \u001b[36m>\u001b[39m\n        \u001b[36m<div\u001b[39m\n          \u001b[33mclass\u001b[39m=\u001b[32m\"w-2 h-2 rounded-full bg-red-500\"\u001b[39m\n        \u001b[36m/>\u001b[39m\n        \u001b[36m<span>\u001b[39m\n          \u001b[0mOffline\u001b[0m\n        \u001b[36m</span>\u001b[39m\n      \u001b[36m</div>\u001b[39m\n    \u001b[36m</div>\u001b[39m\n  \u001b[36m</body>\u001b[39m\n\u001b[36m</html>\u001b[39m"],"location":{"line":267,"column":42}},{"ancestorTitles":["","Comprehensive Error Handling Integration"],"fullName":" Comprehensive Error Handling Integration should track performance metrics during error handling","status":"failed","title":"should track performance metrics during error handling","duration":1043,"failureMessages":["expected \"spy\" to be called with arguments: [ 'Error Handling Duration', …(2) ]\n\nReceived: \n\n  1st spy call:\n\n  Array [\n-   \"Error Handling Duration\",\n-   Any<Number>,\n-   ObjectContaining {\n-     \"errorType\": \"SYSTEM_ERROR\",\n+   \"testNetworkOperation Retry\",\n+   2,\n+   Object {\n+     \"context\": Object {\n+       \"testContext\": true,\n+     },\n+     \"error\": \"Network timeout\",\n    },\n  ]\n\n  2nd spy call:\n\n  Array [\n-   \"Error Handling Duration\",\n-   Any<Number>,\n-   ObjectContaining {\n-     \"errorType\": \"SYSTEM_ERROR\",\n+   \"testNetworkOperation Retry\",\n+   1,\n+   Object {\n+     \"context\": Object {\n+       \"testContext\": true,\n+     },\n+     \"error\": \"Network timeout\",\n    },\n  ]\n\n\nNumber of calls: 2\n\n\nIgnored nodes: comments, script, style\n\u001b[36m<html>\u001b[39m\n  \u001b[36m<head />\u001b[39m\n  \u001b[36m<body>\u001b[39m\n    \u001b[36m<div>\u001b[39m\n      \u001b[36m<div>\u001b[39m\n        \u001b[36m<div\u001b[39m\n          \u001b[33mdata-testid\u001b[39m=\u001b[32m\"loading\"\u001b[39m\n        \u001b[36m>\u001b[39m\n          \u001b[0mLoading...\u001b[0m\n        \u001b[36m</div>\u001b[39m\n        \u001b[36m<div\u001b[39m\n          \u001b[33mdata-testid\u001b[39m=\u001b[32m\"error\"\u001b[39m\n        \u001b[36m>\u001b[39m\n          \u001b[0mNo error\u001b[0m\n        \u001b[36m</div>\u001b[39m\n        \u001b[36m<button\u001b[39m\n          \u001b[33mdata-testid\u001b[39m=\u001b[32m\"network-button\"\u001b[39m\n        \u001b[36m>\u001b[39m\n          \u001b[0mNetwork Operation\u001b[0m\n        \u001b[36m</button>\u001b[39m\n        \u001b[36m<button\u001b[39m\n          \u001b[33mdata-testid\u001b[39m=\u001b[32m\"business-button\"\u001b[39m\n        \u001b[36m>\u001b[39m\n          \u001b[0mBusiness Validation\u001b[0m\n        \u001b[36m</button>\u001b[39m\n        \u001b[36m<button\u001b[39m\n          \u001b[33mdata-testid\u001b[39m=\u001b[32m\"manual-error-button\"\u001b[39m\n        \u001b[36m>\u001b[39m\n          \u001b[0mManual Error\u001b[0m\n        \u001b[36m</button>\u001b[39m\n        \u001b[36m<button\u001b[39m\n          \u001b[33mdata-testid\u001b[39m=\u001b[32m\"retry-button\"\u001b[39m\n        \u001b[36m>\u001b[39m\n          \u001b[0mRetry\u001b[0m\n        \u001b[36m</button>\u001b[39m\n        \u001b[36m<button\u001b[39m\n          \u001b[33mdata-testid\u001b[39m=\u001b[32m\"clear-button\"\u001b[39m\n        \u001b[36m>\u001b[39m\n          \u001b[0mClear Error\u001b[0m\n        \u001b[36m</button>\u001b[39m\n      \u001b[36m</div>\u001b[39m\n      \u001b[36m<div\u001b[39m\n        \u001b[33mclass\u001b[39m=\u001b[32m\"fixed bottom-4 left-4 w-80 bg-white border border-gray-300 rounded-lg shadow-lg z-50\"\u001b[39m\n      \u001b[36m>\u001b[39m\n        \u001b[36m<div\u001b[39m\n          \u001b[33mclass\u001b[39m=\u001b[32m\"bg-gray-50 px-4 py-2 border-b border-gray-200 rounded-t-lg\"\u001b[39m\n        \u001b[36m>\u001b[39m\n          \u001b[36m<div\u001b[39m\n            \u001b[33mclass\u001b[39m=\u001b[32m\"flex items-center justify-between\"\u001b[39m\n          \u001b[36m>\u001b[39m\n            \u001b[36m<h3\u001b[39m\n              \u001b[33mclass\u001b[39m=\u001b[32m\"text-sm font-medium text-gray-900\"\u001b[39m\n            \u001b[36m>\u001b[39m\n              \u001b[0mError Dashboard\u001b[0m\n            \u001b[36m</h3>\u001b[39m\n            \u001b[36m<div\u001b[39m\n              \u001b[33mclass\u001b[39m=\u001b[32m\"flex space-x-2\"\u001b[39m\n            \u001b[36m>\u001b[39m\n              \u001b[36m<button\u001b[39m\n                \u001b[33mclass\u001b[39m=\u001b[32m\"text-xs text-blue-600 hover:text-blue-800\"\u001b[39m\n                \u001b[33mtitle\u001b[39m=\u001b[32m\"Export Report\"\u001b[39m\n              \u001b[36m>\u001b[39m\n                \u001b[0mExport\u001b[0m\n              \u001b[36m</button>\u001b[39m\n              \u001b[36m<button\u001b[39m\n                \u001b[33mclass\u001b[39m=\u001b[32m\"text-xs text-red-600 hover:text-red-800\"\u001b[39m\n                \u001b[33mtitle\u001b[39m=\u001b[32m\"Clear Stats\"\u001b[39m\n              \u001b[36m>\u001b[39m\n                \u001b[0mClear\u001b[0m\n              \u001b[36m</button>\u001b[39m\n              \u001b[36m<button\u001b[39m\n                \u001b[33mclass\u001b[39m=\u001b[32m\"text-xs text-gray-500 hover:text-gray-700\"\u001b[39m\n                \u001b[33mtitle\u001b[39m=\u001b[32m\"Hide Dashboard\"\u001b[39m\n              \u001b[36m>\u001b[39m\n                \u001b[0m×\u001b[0m\n              \u001b[36m</button>\u001b[39m\n            \u001b[36m</div>\u001b[39m\n          \u001b[36m</div>\u001b[39m\n        \u001b[36m</div>\u001b[39m\n        \u001b[36m<div\u001b[39m\n          \u001b[33mclass\u001b[39m=\u001b[32m\"p-4 space-y-4 max-h-96 overflow-y-auto\"\u001b[39m\n        \u001b[36m>\u001b[39m\n          \u001b[36m<div>\u001b[39m\n            \u001b[36m<h4\u001b[39m\n              \u001b[33mclass\u001b[39m=\u001b[32m\"text-xs font-medium text-gray-700 mb-2\"\u001b[39m\n            \u001b[36m>\u001b[39m\n              \u001b[0mError Summary\u001b[0m\n            \u001b[36m</h4>\u001b[39m\n            \u001b[36m<div\u001b[39m\n
[...]
ul API call","duration":0,"failureMessages":[]},{"ancestorTitles":["","PerformanceMonitoring","trackAPICall"],"fullName":" PerformanceMonitoring trackAPICall should track slow API calls","status":"passed","title":"should track slow API calls","duration":0,"failureMessages":[]},{"ancestorTitles":["","PerformanceMonitoring","trackAPICall"],"fullName":" PerformanceMonitoring trackAPICall should track API errors","status":"passed","title":"should track API errors","duration":0,"failureMessages":[]},{"ancestorTitles":["","PerformanceMonitoring","sendBatchMetrics"],"fullName":" PerformanceMonitoring sendBatchMetrics should send metrics with device and network info","status":"passed","title":"should send metrics with device and network info","duration":1,"failureMessages":[]},{"ancestorTitles":["","PerformanceMonitoring","sendBatchMetrics"],"fullName":" PerformanceMonitoring sendBatchMetrics should store metrics locally on send failure","status":"passed","title":"should store metrics locally on send failure","duration":2,"failureMessages":[]},{"ancestorTitles":["","PerformanceMonitoring","sendBatchMetrics"],"fullName":" PerformanceMonitoring sendBatchMetrics should not send if no metrics","status":"passed","title":"should not send if no metrics","duration":0,"failureMessages":[]},{"ancestorTitles":["","PerformanceMonitoring","getPerformanceSummary"],"fullName":" PerformanceMonitoring getPerformanceSummary should calculate statistics correctly","status":"passed","title":"should calculate statistics correctly","duration":1,"failureMessages":[]},{"ancestorTitles":["","PerformanceMonitoring","device and network info"],"fullName":" PerformanceMonitoring device and network info should collect device information","status":"passed","title":"should collect device information","duration":0,"failureMessages":[]},{"ancestorTitles":["","PerformanceMonitoring","device and network info"],"fullName":" PerformanceMonitoring device and network info should handle missing network connection API","status":"passed","title":"should handle missing network connection API","duration":0,"failureMessages":[]},{"ancestorTitles":["","PerformanceMonitoring","device and network info"],"fullName":" PerformanceMonitoring device and network info should collect network information when available","status":"passed","title":"should collect network information when available","duration":1,"failureMessages":[]}],"startTime":1771574535911,"endTime":1771574535926,"status":"passed","message":"","name":"/Users/jeevithg/Downloads/Smart-Vendors-Suppliers-main/src/test/services/performanceMonitoring.test.ts"},{"assertionResults":[{"ancestorTitles":["","BusinessLogicValidator","validateOrderPlacement"],"fullName":" BusinessLogicValidator validateOrderPlacement should validate successful order placement","status":"passed","title":"should validate successful order placement","duration":1,"failureMessages":[]},{"ancestorTitles":["","BusinessLogicValidator","validateOrderPlacement"],"fullName":" BusinessLogicValidator validateOrderPlacement should detect insufficient stock","status":"passed","title":"should detect insufficient stock","duration":0,"failureMessages":[]},{"ancestorTitles":["","BusinessLogicValidator","validateOrderPlacement"],"fullName":" BusinessLogicValidator validateOrderPlacement should detect minimum order not met","status":"passed","title":"should detect minimum order not met","duration":0,"failureMessages":[]},{"ancestorTitles":["","BusinessLogicValidator","validateOrderPlacement"],"fullName":" BusinessLogicValidator validateOrderPlacement should detect unsupported delivery area","status":"passed","title":"should detect unsupported delivery area","duration":1,"failureMessages":[]},{"ancestorTitles":["","BusinessLogicValidator","validateGroupOrderParticipation"],"fullName":" BusinessLogicValidator validateGroupOrderParticipation should validate successful group order participation","status":"passed","title":"should validate successful group order participation","duration":0,"failureMessages":[]},{"ancestorTitles":["","BusinessLogicValidator","validateGroupOrderParticipation"],"fullName":" BusinessLogicValidator validateGroupOrderParticipation should detect expired group order","status":"passed","title":"should detect expired group order","duration":0,"failureMessages":[]},{"ancestorTitles":["","BusinessLogicValidator","validateGroupOrderParticipation"],"fullName":" BusinessLogicValidator validateGroupOrderParticipation should detect full group order","status":"passed","title":"should detect full group order","duration":0,"failureMessages":[]},{"ancestorTitles":["","BusinessLogicValidator","validateGroupOrderParticipation"],"fullName":" BusinessLogicValidator validateGroupOrderParticipation should detect quantity exceeding capacity","status":"passed","title":"should detect quantity exceeding capacity","duration":0,"failureMessages":[]},{"ancestorTitles":["","BusinessLogicValidator","validateGroupOrderParticipation"],"fullName":" BusinessLogicValidator validateGroupOrderParticipation should warn about expiring group order","status":"passed","title":"should warn about expiring group order","duration":0,"failureMessages":[]},{"ancestorTitles":["","BusinessLogicValidator","validatePayment"],"fullName":" BusinessLogicValidator validatePayment should validate successful payment","status":"passed","title":"should validate successful payment","duration":0,"failureMessages":[]},{"ancestorTitles":["","BusinessLogicValidator","validatePayment"],"fullName":" BusinessLogicValidator validatePayment should detect invalid payment amount","status":"passed","title":"should detect invalid payment amount","duration":0,"failureMessages":[]},{"ancestorTitles":["","BusinessLogicValidator","validatePayment"],"fullName":" BusinessLogicValidator validatePayment should warn about suspicious payment","status":"passed","title":"should warn about suspicious payment","duration":0,"failureMessages":[]}],"startTime":1771574536501,"endTime":1771574536504,"status":"passed","message":"","name":"/Users/jeevithg/Downloads/Smart-Vendors-Suppliers-main/src/test/utils/businessErrorHandler.test.ts"},{"assertionResults":[{"ancestorTitles":["","Number Validation Utilities","safeDivide"],"fullName":" Number Validation Utilities safeDivide should return correct result for valid division","status":"passed","title":"should return correct result for valid division","duration":1,"failureMessages":[]},{"ancestorTitles":["","Number Validation Utilities","safeDivide"],"fullName":" Number Validation Utilities safeDivide should return fallback for division by zero","status":"passed","title":"should return fallback for division by zero","duration":0,"failureMessages":[]},{"ancestorTitles":["","Number Validation Utilities","safeDivide"],"fullName":" Number Validation Utilities safeDivide should return fallback for NaN inputs","status":"passed","title":"should return fallback for NaN inputs","duration":0,"failureMessages":[]},{"ancestorTitles":["","Number Validation Utilities","safeDivide"],"fullName":" Number Validation Utilities safeDivide should return fallback for undefined inputs","status":"passed","title":"should return fallback for undefined inputs","duration":0,"failureMessages":[]},{"ancestorTitles":["","Number Validation Utilities","safeMultiply"],"fullName":" Number Validation Utilities safeMultiply should return correct result for valid multiplication","status":"passed","title":"should return correct result for valid multiplication","duration":1,"failureMessages":[]},{"ancestorTitles":["","Number Validation Utilities","safeMultiply"],"fullName":" Number Validation Utilities safeMultiply should return fallback for NaN inputs","status":"passed","title":"should return fallback for NaN inputs","duration":0,"failureMessages":[]},{"ancestorTitles":["","Number Validation Utilities","safeMultiply"],"fullName":" Number Validation Utilities safeMultiply should return fallback for undefined inputs","status":"passed","title":"should return fallback for undefined inputs","duration":0,"failureMessages":[]},{"ancestorTitles":["","Number Validation Utilities","safePercentage"],"fullName":" Number Validation Utilities safePercentage should calculate percentage correctly","status":"passed","title":"should calculate percentage correctly","duration":1,"failureMessages":[]},{"ancestorTitles":["","Number Validation Utilities","safePercentage"],"fullName":" Number Validation Utilities safePercentage should return fallback for division by zero","status":"passed","title":"should return fallback for division by zero","duration":0,"failureMessages":[]},{"ancestorTitles":["","Number Validation Utilities","safePercentage"],"fullName":" Number Validation Utilities safePercentage should return fallback for invalid inputs","status":"passed","title":"should return fallback for invalid inputs","duration":0,"failureMessages":[]},{"ancestorTitles":["","Number Validation Utilities","validateNumber"],"fullName":" Number Validation Utilities validateNumber should return valid numbers unchanged","status":"passed","title":"should return valid numbers unchanged","duration":0,"failureMessages":[]},{"ancestorTitles":["","Number Validation Utilities","validateNumber"],"fullName":" Number Validation Utilities validateNumber should return fallback for invalid inputs","status":"passed","title":"should return fallback for invalid inputs","duration":0,"failureMessages":[]},{"ancestorTitles":["","Number Validation Utilities","validateNumber"],"fullName":" Number Validation Utilities validateNumber should use custom fallback","status":"passed","title":"should use custom fallback","duration":0,"failureMessages":[]},{"ancestorTitles":["","Number Validation Utilities","safeAverage"],"fullName":" Number Validation Utilities safeAverage should calculate average correctly","status":"passed","title":"should calculate average correctly","duration":0,"failureMessages":[]},{"ancestorTitles":["","Number Validation Utilities","safeAverage"],"fullName":" Number Validation Utilities safeAverage should filter out invalid numbers","status":"passed","title":"should filter out invalid numbers","duration":1,"failureMessages":[]},{"ancestorTitles":["","Number Validation Utilities","safeAverage"],"fullName":" Number Validation Utilities safeAverage should return fallback for empty or all-invalid arrays","status":"passed","title":"should return fallback for empty or all-invalid arrays","duration":0,"failureMessages":[]},{"ancestorTitles":["","Number Validation Utilities","formatCurrencySafe"],"fullName":" Number Validation Utilities formatCurrencySafe should format valid numbers correctly","status":"passed","title":"should format valid numbers correctly","duration":41,"failureMessages":[]},{"ancestorTitles":["","Number Validation Utilities","formatCurrencySafe"],"fullName":" Number Validation Utilities formatCurrencySafe should handle invalid inputs gracefully","status":"passed","title":"should handle invalid inputs gracefully","duration":1,"failureMessages":[]},{"ancestorTitles":["","Number Validation Utilities","safeRound"],"fullName":" Number Validation Utilities safeRound should round numbers correctly","status":"passed","title":"should round numbers correctly","duration":0,"failureMessages":[]},{"ancestorTitles":["","Number Validation Utilities","safeRound"],"fullName":" Number Validation Utilities safeRound should return fallback for invalid inputs","status":"passed","title":"should return fallback for invalid inputs","duration":0,"failureMessages":[]},{"ancestorTitles":["","Number Validation Utilities","clampNumber"],"fullName":" Number Validation Utilities clampNumber should clamp numbers to range","status":"passed","title":"should clamp numbers to range","duration":0,"failureMessages":[]},{"ancestorTitles":["","Number Validation Utilities","clampNumber"],"fullName":" Number Validation Utilities clampNumber should return fallback for invalid inputs","status":"passed","title":"should return fallback for invalid inputs","duration":0,"failureMessages":[]}],"startTime":1771574537136,"endTime":1771574537182,"status":"passed","message":"","name":"/Users/jeevithg/Downloads/Smart-Vendors-Suppliers-main/src/test/utils/numberValidation.test.ts"},{"assertionResults":[{"ancestorTitles":["","RetryManager"],"fullName":" RetryManager should succeed on first attempt","status":"passed","title":"should succeed on first attempt","duration":1,"failureMessages":[]},{"ancestorTitles":["","RetryManager"],"fullName":" RetryManager should retry on failure and eventually succeed","status":"passed","title":"should retry on failure and eventually succeed","duration":32,"failureMessages":[]},{"ancestorTitles":["","RetryManager"],"fullName":" RetryManager should fail after max retries","status":"passed","title":"should fail after max retries","duration":35,"failureMessages":[]},{"ancestorTitles":["","RetryManager"],"fullName":" RetryManager should not retry when condition is false","status":"passed","title":"should not retry when condition is false","duration":1,"failureMessages":[]},{"ancestorTitles":["","RetryManager"],"fullName":" RetryManager should call onRetry callback","status":"passed","title":"should call onRetry callback","duration":12,"failureMessages":[]},{"ancestorTitles":["","RetryManager"],"fullName":" RetryManager should apply exponential backoff","status":"passed","title":"should apply exponential backoff","duration":316,"failureMessages":[]},{"ancestorTitles":["","ConvexRetryManager"],"fullName":" ConvexRetryManager should retry on Convex-specific errors","status":"passed","title":"should retry on Convex-specific errors","duration":527,"failureMessages":[]},{"ancestorTitles":["","ConvexRetryManager"],"fullName":" ConvexRetryManager should not retry on non-retryable Convex errors","status":"passed","title":"should not retry on non-retryable Convex errors","duration":2,"failureMessages":[]},{"ancestorTitles":["","OfflineOperationQueue"],"fullName":" OfflineOperationQueue should enqueue operations when offline","status":"passed","title":"should enqueue operations when offline","duration":1,"failureMessages":[]},{"ancestorTitles":["","OfflineOperationQueue"],"fullName":" OfflineOperationQueue should process queue when online","status":"passed","title":"should process queue when online","duration":102,"failureMessages":[]},{"ancestorTitles":["","OfflineOperationQueue"],"fullName":" OfflineOperationQueue should persist queue to localStorage","status":"passed","title":"should persist queue to localStorage","duration":1,"failureMessages":[]},{"ancestorTitles":["","OfflineOperationQueue"],"fullName":" OfflineOperationQueue should retry failed operations","status":"passed","title":"should retry failed operations","duration":1503,"failureMessages":[]},{"ancestorTitles":["","CircuitBreaker"],"fullName":" CircuitBreaker should execute operation when circuit is closed","status":"passed","title":"should execute operation when circuit is closed","duration":1,"failureMessages":[]},{"ancestorTitles":["","CircuitBreaker"],"fullName":" CircuitBreaker should open circuit after threshold failures","status":"passed","title":"should open circuit after threshold failures","duration":1,"failureMessages":[]},{"ancestorTitles":["","CircuitBreaker"],"fullName":" CircuitBreaker should transition to half-open after timeout","status":"passed","title":"should transition to half-open after timeout","duration":1,"failureMessages":[]},{"ancestorTitles":["","CircuitBreaker"],"fullName":" CircuitBreaker should track failure count","status":"passed","title":"should track failure count","duration":1,"failureMessages":[]},{"ancestorTitles":["","CircuitBreaker"],"fullName":" CircuitBreaker should reset failure count on success","status":"passed","title":"should reset failure count on success","duration":0,"failureMessages":[]}],"startTime":1771574535347,"endTime":1771574537885,"status":"passed","message":"","name":"/Users/jeevithg/Downloads/Smart-Vendors-Suppliers-main/src/test/utils/retry.test.ts"},{"assertionResults":[{"ancestorTitles":["","FormValidator","validate"],"fullName":" FormValidator validate should validate required fields","status":"passed","title":"should validate required fields","duration":4,"failureMessages":[]},{"ancestorTitles":["","FormValidator","validate"],"fullName":" FormValidator validate should validate string length constraints","status":"passed","title":"should validate string length constraints","duration":0,"failureMessages":[]},{"ancestorTitles":["","FormValidator","validate"],"fullName":" FormValidator validate should validate numeric constraints","status":"passed","title":"should validate numeric constraints","duration":0,"failureMessages":[]},{"ancestorTitles":["","FormValidator","validate"],"fullName":" FormValidator validate should validate pattern matching","status":"passed","title":"should validate pattern matching","duration":1,"failureMessages":[]},{"ancestorTitles":["","FormValidator","validate"],"fullName":" FormValidator validate should validate custom rules","status":"passed","title":"should validate custom rules","duration":0,"failureMessages":[]},{"ancestorTitles":["","FormValidator","validate"],"fullName":" FormValidator validate should pass validation for valid data","status":"passed","title":"should pass validation for valid data","duration":0,"failureMessages":[]},{"ancestorTitles":["","Common Schemas","email validation"],"fullName":" Common Schemas email validation should validate correct email format","status":"passed","title":"should validate correct email format","duration":0,"failureMessages":[]},{"ancestorTitles":["","Common Schemas","email validation"],"fullName":" Common Schemas email validation should reject invalid email format","status":"passed","title":"should reject invalid email format","duration":0,"failureMessages":[]},{"ancestorTitles":["","Common Schemas","phone validation"],"fullName":" Common Schemas phone validation should validate correct phone format","status":"passed","title":"should validate correct phone format","duration":0,"failureMessages":[]},{"ancestorTitles":["","Common Schemas","phone validation"],"fullName":" Common Schemas phone validation should reject short phone numbers","status":"passed","title":"should reject short phone numbers","duration":0,"failureMessages":[]},{"ancestorTitles":["","Common Schemas","password validation"],"fullName":" Common Schemas password validation should validate strong password","status":"passed","title":"should validate strong password","duration":0,"failureMessages":[]},{"ancestorTitles":["","Common Schemas","password validation"],"fullName":" Common Schemas password validation should reject weak password","status":"passed","title":"should reject weak password","duration":1,"failureMessages":[]},{"ancestorTitles":["","Validation Schemas","vendorRegistration"],"fullName":" Validation Schemas vendorRegistration should validate complete vendor registration data","status":"passed","title":"should validate complete vendor registration data","duration":0,"failureMessages":[]},{"ancestorTitles":["","Validation Schemas","vendorRegistration"],"fullName":" Validation Schemas vendorRegistration should reject incomplete vendor registration data","status":"passed","title":"should reject incomplete vendor registration data","duration":0,"failureMessages":[]},{"ancestorTitles":["","Validation Schemas","orderPlacement"],"fullName":" Validation Schemas orderPlacement should validate complete order data","status":"passed","title":"should validate complete order data","duration":0,"failureMessages":[]},{"ancestorTitles":["","Validation Schemas","orderPlacement"],"fullName":" Validation Schemas orderPlacement should reject order without items","status":"passed","title":"should reject order without items","duration":0,"failureMessages":[]}],"startTime":1771574536763,"endTime":1771574536770,"status":"passed","message":"","name":"/Users/jeevithg/Downloads/Smart-Vendors-Suppliers-main/src/test/utils/validation.test.ts"}]}